
> web@0.1.0 dev
> next dev

⚠ Port 3000 is in use by process 83016, using available port 3001 instead.
⚠ Warning: Next.js inferred your workspace root, but it may not be correct.
 We detected multiple lockfiles and selected the directory of /Users/admin/Documents/Win-Projects/AntiGravity/Tour-booking-mobile-1/package-lock.json as the root directory.
 To silence this warning, set `turbopack.root` in your Next.js config, or consider removing one of the lockfiles if it's not needed.
   See https://nextjs.org/docs/app/api-reference/config/next-config-js/turbopack#root-directory for more information.
 Detected additional lockfiles: 
   * /Users/admin/Documents/Win-Projects/AntiGravity/Tour-booking-mobile-1/web/package-lock.json

▲ Next.js 16.1.6 (Turbopack)
- Local:         http://localhost:3001
- Network:       http://192.168.29.150:3001

✓ Starting...
⨯ Unable to acquire lock at /Users/admin/Documents/Win-Projects/AntiGravity/Tour-booking GET / 200 in 134ms (compile: 30ms, render: 105ms)
 GET /auth/login 200 in 165ms (compile: 138ms, render: 27ms)
 GET / 200 in 11ms (compile: 2ms, render: 9ms)
 GET /auth/login 200 in 26ms (compile: 4ms, render: 22ms)
 GET /dashboard 200 in 36ms (compile: 23ms, render: 12ms)
 GET /auth/login 200 in 27ms (compile: 7ms, render: 20ms)
 GET / 200 in 21ms (compile: 5ms, render: 16ms)
 GET /search 200 in 51ms (compile: 31ms, render: 20ms)
 GET / 200 in 33ms (compile: 11ms, render: 22ms)
✓ Compiled in 579ms
 GET / 200 in 266ms (compile: 104ms, render: 161ms)
 GET / 200 in 121ms (compile: 3ms, render: 118ms)
 GET / 200 in 126ms (compile: 1186µs, render: 125ms)
 GET / 200 in 117ms (compile: 2ms, render: 115ms)
 GET / 200 in 138ms (compile: 8ms, render: 130ms)
 GET / 200 in 129ms (compile: 5ms, render: 124ms)
 GET / 200 in 128ms (compile: 2ms, render: 126ms)
 GET / 200 in 123ms (compile: 3ms, render: 119ms)
 GET / 200 in 97ms (compile: 3ms, render: 94ms)
 GET / 200 in 95ms (compile: 1992µs, render: 93ms)
 GET / 200 in 99ms (compile: 1465µs, render: 98ms)
 GET / 200 in 87ms (compile: 5ms, render: 82ms)
 GET / 200 in 69ms (compile: 2ms, render: 67ms)
 GET / 200 in 56ms (compile: 4ms, render: 53ms)
 GET / 200 in 39ms (compile: 3ms, render: 36ms)
 GET / 200 in 23ms (compile: 1386µs, render: 22ms)
⚠ Fast Refresh had to perform a full reload when ./web/src/app/dashboard/page.tsx changed. Read more: https://nextjs.org/docs/messages/fast-refresh-reload
✓ Compiled in 126ms
 GET / 200 in 121ms (compile: 4ms, render: 117ms)
 GET / 200 in 45ms (compile: 1969µs, render: 43ms)
✓ Compiled in 135ms
 GET / 200 in 173ms (compile: 1876µs, render: 172ms)
 GET / 200 in 145ms (compile: 4ms, render: 141ms)
 GET / 200 in 127ms (compile: 1732µs, render: 125ms)
 GET / 200 in 96ms (compile: 2ms, render: 94ms)
⚠ Fast Refresh had to perform a full reload when ./web/src/app/page.tsx changed. Read more: https://nextjs.org/docs/messages/fast-refresh-reload
✓ Compiled in 140ms
⚠ Fast Refresh had to perform a full reload when ./web/src/app/page.tsx changed. Read more: https://nextjs.org/docs/messages/fast-refresh-reload
⚠ Fast Refresh had to perform a full reload when ./web/src/app/page.tsx changed. Read more: https://nextjs.org/docs/messages/fast-refresh-reload
⚠ Fast Refresh had to perform a full reload when ./web/src/app/page.tsx changed. Read more: https://nextjs.org/docs/messages/fast-refresh-reload
 GET / 200 in 403ms (compile: 85ms, render: 318ms)
 GET / 200 in 182ms (compile: 3ms, render: 179ms)
 GET / 200 in 131ms (compile: 2ms, render: 129ms)
 GET / 200 in 96ms (compile: 1465µs, render: 95ms)
 GET / 200 in 184ms (compile: 50ms, render: 134ms)
 GET / 200 in 65ms (compile: 10ms, render: 55ms)
✓ Compiled in 31ms
 GET / 200 in 325ms (compile: 118ms, render: 207ms)
 GET / 200 in 280ms (compile: 181ms, render: 99ms)
 GET / 200 in 66ms (compile: 1669µs, render: 65ms)
 GET / 200 in 90ms (compile: 1066µs, render: 88ms)
 GET / 200 in 102ms (compile: 1188µs, render: 100ms)
 GET / 200 in 104ms (compile: 1145µs, render: 103ms)
 GET / 200 in 94ms (compile: 1199µs, render: 93ms)
 GET / 200 in 95ms (compile: 2ms, render: 93ms)
 GET / 200 in 92ms (compile: 3ms, render: 88ms)
 GET / 200 in 81ms (compile: 3ms, render: 78ms)
 GET / 200 in 65ms (compile: 1966µs, render: 63ms)
 GET / 200 in 62ms (compile: 2ms, render: 60ms)
 GET / 200 in 51ms (compile: 2ms, render: 49ms)
 GET / 200 in 60ms (compile: 1234µs, render: 59ms)
 GET / 200 in 63ms (compile: 1184µs, render: 62ms)
 GET / 200 in 77ms (compile: 1163µs, render: 76ms)
 GET / 200 in 79ms (compile: 1728µs, render: 78ms)
 GET / 200 in 80ms (compile: 1376µs, render: 79ms)
 GET / 200 in 69ms (compile: 1336µs, render: 68ms)
 GET / 200 in 68ms (compile: 6ms, render: 62ms)
 GET / 200 in 63ms (compile: 1305µs, render: 62ms)
 GET / 200 in 64ms (compile: 1335µs, render: 63ms)
 GET / 200 in 68ms (compile: 1369µs, render: 67ms)
 GET / 200 in 67ms (compile: 1446µs, render: 66ms)
 GET / 200 in 66ms (compile: 1292µs, render: 65ms)
 GET / 200 in 64ms (compile: 1596µs, render: 63ms)
 GET / 200 in 65ms (compile: 1373µs, render: 63ms)
 GET / 200 in 61ms (compile: 1112µs, render: 59ms)
 GET / 200 in 62ms (compile: 1068µs, render: 61ms)
 GET / 200 in 64ms (compile: 1633µs, render: 62ms)
 GET / 200 in 79ms (compile: 3ms, render: 76ms)
 GET / 200 in 79ms (compile: 1413µs, render: 78ms)
 GET / 200 in 79ms (compile: 1202µs, render: 78ms)
 GET / 200 in 69ms (compile: 1267µs, render: 68ms)
 GET / 200 in 78ms (compile: 1414µs, render: 76ms)
 GET / 200 in 64ms (compile: 1562µs, render: 63ms)
 GET / 200 in 65ms (compile: 1320µs, render: 64ms)
 GET / 200 in 65ms (compile: 1537µs, render: 64ms)
 GET / 200 in 69ms (compile: 2ms, render: 67ms)
 GET / 200 in 67ms (compile: 1087µs, render: 66ms)
 GET / 200 in 67ms (compile: 2ms, render: 65ms)
 GET / 200 in 67ms (compile: 1329µs, render: 66ms)
 GET / 200 in 65ms (compile: 1610µs, render: 63ms)
 GET / 200 in 51ms (compile: 1229µs, render: 49ms)
 GET / 200 in 48ms (compile: 1256µs, render: 47ms)
 GET / 200 in 46ms (compile: 1631µs, render: 44ms)
 GET / 200 in 35ms (compile: 1230µs, render: 33ms)
 GET / 200 in 24ms (compile: 1620µs, render: 22ms)
 GET / 200 in 24ms (compile: 1208µs, render: 22ms)
 GET / 200 in 42ms (compile: 1067µs, render: 41ms)
 GET / 200 in 56ms (compile: 1007µs, render: 55ms)
 GET / 200 in 41ms (compile: 1247µs, render: 40ms)
 GET / 200 in 49ms (compile: 2ms, render: 46ms)
 GET / 200 in 47ms (compile: 1677µs, render: 45ms)
 GET / 200 in 44ms (compile: 1780µs, render: 42ms)
 GET / 200 in 45ms (compile: 1538µs, render: 43ms)
 GET / 200 in 46ms (compile: 1386µs, render: 45ms)
 GET / 200 in 57ms (compile: 1221µs, render: 56ms)
 GET / 200 in 57ms (compile: 1259µs, render: 55ms)
 GET / 200 in 58ms (compile: 1201µs, render: 57ms)
 GET / 200 in 59ms (compile: 1742µs, render: 57ms)
 GET / 200 in 58ms (compile: 1290µs, render: 56ms)
 GET / 200 in 71ms (compile: 1177µs, render: 69ms)
 GET / 200 in 73ms (compile: 1097µs, render: 72ms)
 GET / 200 in 64ms (compile: 1915µs, render: 62ms)
 GET / 200 in 61ms (compile: 1228µs, render: 60ms)
 GET / 200 in 61ms (compile: 1682µs, render: 59ms)
 GET / 200 in 50ms (compile: 3ms, render: 47ms)
 GET / 200 in 46ms (compile: 1793µs, render: 44ms)
 GET / 200 in 45ms (compile: 1198µs, render: 44ms)
 GET / 200 in 45ms (compile: 1091µs, render: 44ms)
 GET / 200 in 45ms (compile: 1777µs, render: 43ms)
 GET / 200 in 47ms (compile: 1904µs, render: 45ms)
 GET / 200 in 48ms (compile: 1234µs, render: 47ms)
 GET / 200 in 49ms (compile: 1170µs, render: 48ms)
 GET / 200 in 49ms (compile: 1704µs, render: 47ms)
 GET / 200 in 50ms (compile: 3ms, render: 47ms)
 GET / 200 in 88ms (compile: 1422µs, render: 86ms)
 GET / 200 in 90ms (compile: 1327µs, render: 89ms)
 GET / 200 in 81ms (compile: 1718µs, render: 79ms)
 GET / 200 in 81ms (compile: 2ms, render: 79ms)
 GET / 200 in 77ms (compile: 4ms, render: 73ms)
 GET / 200 in 62ms (compile: 1595µs, render: 61ms)
 GET / 200 in 51ms (compile: 1199µs, render: 50ms)
 GET / 200 in 48ms (compile: 1937µs, render: 46ms)
 GET / 200 in 45ms (compile: 1189µs, render: 44ms)
 GET / 200 in 36ms (compile: 1352µs, render: 35ms)
 GET / 200 in 43ms (compile: 1231µs, render: 42ms)
 GET / 200 in 58ms (compile: 1502µs, render: 56ms)
 GET / 200 in 57ms (compile: 1482µs, render: 56ms)
 GET / 200 in 58ms (compile: 1081µs, render: 57ms)
 GET / 200 in 61ms (compile: 1030µs, render: 60ms)
 GET / 200 in 64ms (compile: 1142µs, render: 62ms)
 GET / 200 in 65ms (compile: 1223µs, render: 64ms)
 GET / 200 in 67ms (compile: 1261µs, render: 66ms)
 GET / 200 in 67ms (compile: 1401µs, render: 66ms)
 GET / 200 in 77ms (compile: 1926µs, render: 75ms)
 GET / 200 in 62ms (compile: 1177µs, render: 61ms)
 GET / 200 in 59ms (compile: 1221µs, render: 57ms)
 GET / 200 in 48ms (compile: 1830µs, render: 46ms)
 GET / 200 in 36ms (compile: 1963µs, render: 34ms)
 GET / 200 in 25ms (compile: 1156µs, render: 24ms)
 GET / 200 in 13ms (compile: 1055µs, render: 12ms)
 GET / 200 in 30ms (compile: 1117µs, render: 29ms)
 GET / 200 in 34ms (compile: 1006µs, render: 33ms)
 GET / 200 in 55ms (compile: 1057µs, render: 54ms)
 GET / 200 in 59ms (compile: 1245µs, render: 57ms)
 GET / 200 in 76ms (compile: 2ms, render: 74ms)
 GET / 200 in 74ms (compile: 1021µs, render: 73ms)
 GET / 200 in 78ms (compile: 1076µs, render: 77ms)
 GET / 200 in 85ms (compile: 1228µs, render: 83ms)
 GET / 200 in 86ms (compile: 1809µs, render: 84ms)
 GET / 200 in 82ms (compile: 1449µs, render: 81ms)
 GET / 200 in 72ms (compile: 1174µs, render: 71ms)
 GET / 200 in 87ms (compile: 1379µs, render: 86ms)
 GET / 200 in 83ms (compile: 2ms, render: 81ms)
 GET / 200 in 68ms (compile: 1820µs, render: 67ms)
 GET / 200 in 64ms (compile: 1808µs, render: 62ms)
 GET / 200 in 64ms (compile: 1878µs, render: 62ms)
 GET / 200 in 62ms (compile: 2ms, render: 60ms)
 GET / 200 in 50ms (compile: 1234µs, render: 49ms)
 GET / 200 in 47ms (compile: 1871µs, render: 45ms)
 GET / 200 in 35ms (compile: 1237µs, render: 34ms)
 GET / 200 in 23ms (compile: 1214µs, render: 22ms)
 GET / 200 in 11ms (compile: 1580µs, render: 10ms)
 GET / 200 in 38ms (compile: 1132µs, render: 37ms)
 GET / 200 in 28ms (compile: 944µs, render: 27ms)
 GET / 200 in 13ms (compile: 1899µs, render: 11ms)
 GET / 200 in 20ms (compile: 1058µs, render: 19ms)
 GET / 200 in 10ms (compile: 1093µs, render: 9ms)
 GET / 200 in 20ms (compile: 1246µs, render: 19ms)
 GET / 200 in 11ms (compile: 977µs, render: 10ms)
 GET / 200 in 20ms (compile: 1050µs, render: 19ms)
 GET / 200 in 10ms (compile: 937µs, render: 9ms)
 GET / 200 in 31ms (compile: 1697µs, render: 29ms)
 GET / 200 in 21ms (compile: 976µs, render: 20ms)
 GET / 200 in 10ms (compile: 1040µs, render: 9ms)
 GET / 200 in 42ms (compile: 2ms, render: 40ms)
 GET / 200 in 48ms (compile: 959µs, render: 47ms)
 GET / 200 in 47ms (compile: 1042µs, render: 46ms)
 GET / 200 in 38ms (compile: 1307µs, render: 36ms)
 GET / 200 in 27ms (compile: 1213µs, render: 26ms)
 GET / 200 in 13ms (compile: 1702µs, render: 11ms)
 GET / 200 in 30ms (compile: 1175µs, render: 29ms)
 GET / 200 in 41ms (compile: 1248µs, render: 39ms)
 GET / 200 in 31ms (compile: 1153µs, render: 30ms)
 GET / 200 in 21ms (compile: 958µs, render: 20ms)
 GET / 200 in 11ms (compile: 1150µs, render: 10ms)
 GET / 200 in 33ms (compile: 3ms, render: 30ms)
 GET / 200 in 32ms (compile: 974µs, render: 31ms)
 GET / 200 in 33ms (compile: 1141µs, render: 32ms)
 GET / 200 in 44ms (compile: 1550µs, render: 42ms)
 GET / 200 in 45ms (compile: 1128µs, render: 43ms)
 GET / 200 in 62ms (compile: 1139µs, render: 60ms)
 GET / 200 in 52ms (compile: 1701µs, render: 50ms)
 GET / 200 in 41ms (compile: 1178µs, render: 40ms)
 GET / 200 in 31ms (compile: 3ms, render: 28ms)
 GET / 200 in 16ms (compile: 1136µs, render: 14ms)
 GET / 200 in 42ms (compile: 1029µs, render: 41ms)
 GET / 200 in 44ms (compile: 1027µs, render: 43ms)
 GET / 200 in 56ms (compile: 948µs, render: 55ms)
 GET / 200 in 57ms (compile: 921µs, render: 56ms)
 GET / 200 in 58ms (compile: 1090µs, render: 57ms)
 GET / 200 in 57ms (compile: 1137µs, render: 56ms)
 GET / 200 in 59ms (compile: 1395µs, render: 57ms)
 GET / 200 in 60ms (compile: 1829µs, render: 58ms)
 GET / 200 in 60ms (compile: 1835µs, render: 58ms)
 GET / 200 in 65ms (compile: 2ms, render: 63ms)
 GET / 200 in 75ms (compile: 1837µs, render: 73ms)
 GET / 200 in 63ms (compile: 1038µs, render: 62ms)
 GET / 200 in 63ms (compile: 1086µs, render: 62ms)
 GET / 200 in 62ms (compile: 1152µs, render: 61ms)
 GET / 200 in 56ms (compile: 1142µs, render: 55ms)
 GET / 200 in 45ms (compile: 1435µs, render: 44ms)
 GET / 200 in 34ms (compile: 1668µs, render: 32ms)
 GET / 200 in 23ms (compile: 1867µs, render: 21ms)
 GET / 200 in 11ms (compile: 1201µs, render: 10ms)
 GET / 200 in 22ms (compile: 3ms, render: 19ms)
 GET / 200 in 13ms (compile: 983µs, render: 12ms)
 GET / 200 in 45ms (compile: 2ms, render: 43ms)
 GET / 200 in 55ms (compile: 1284µs, render: 54ms)
 GET / 200 in 71ms (compile: 1148µs, render: 70ms)
 GET / 200 in 73ms (compile: 1072µs, render: 72ms)
 GET / 200 in 62ms (compile: 1688µs, render: 61ms)
 GET / 200 in 63ms (compile: 1099µs, render: 62ms)
 GET / 200 in 66ms (compile: 1124µs, render: 65ms)
 GET / 200 in 78ms (compile: 2ms, render: 76ms)
 GET / 200 in 72ms (compile: 1394µs, render: 71ms)
 GET / 200 in 62ms (compile: 1987µs, render: 60ms)
 GET / 200 in 72ms (compile: 1406µs, render: 70ms)
 GET / 200 in 61ms (compile: 1945µs, render: 59ms)
 GET / 200 in 74ms (compile: 1174µs, render: 73ms)
 GET / 200 in 65ms (compile: 1080µs, render: 64ms)
 GET / 200 in 76ms (compile: 1937µs, render: 74ms)
 GET / 200 in 65ms (compile: 1277µs, render: 64ms)
 GET / 200 in 65ms (compile: 2ms, render: 63ms)
 GET / 200 in 64ms (compile: 1247µs, render: 62ms)
 GET / 200 in 68ms (compile: 1901µs, render: 66ms)
 GET / 200 in 73ms (compile: 1320µs, render: 72ms)
 GET / 200 in 71ms (compile: 2ms, render: 69ms)
 GET / 200 in 82ms (compile: 2ms, render: 79ms)
 GET / 200 in 69ms (compile: 1739µs, render: 67ms)
 GET / 200 in 63ms (compile: 1238µs, render: 62ms)
 GET / 200 in 58ms (compile: 1721µs, render: 56ms)
 GET / 200 in 58ms (compile: 1126µs, render: 57ms)
 GET / 200 in 58ms (compile: 1522µs, render: 56ms)
 GET / 200 in 66ms (compile: 1002µs, render: 65ms)
 GET / 200 in 67ms (compile: 1356µs, render: 65ms)
 GET / 200 in 67ms (compile: 1305µs, render: 65ms)
 GET / 200 in 57ms (compile: 1598µs, render: 55ms)
 GET / 200 in 67ms (compile: 1159µs, render: 66ms)
 GET / 200 in 58ms (compile: 1084µs, render: 57ms)
 GET / 200 in 78ms (compile: 2ms, render: 76ms)
 GET / 200 in 68ms (compile: 1197µs, render: 67ms)
 GET / 200 in 67ms (compile: 2ms, render: 65ms)
 GET / 200 in 67ms (compile: 1192µs, render: 66ms)
 GET / 200 in 77ms (compile: 1860µs, render: 75ms)
 GET / 200 in 61ms (compile: 1610µs, render: 60ms)
 GET / 200 in 59ms (compile: 1697µs, render: 58ms)
 GET / 200 in 68ms (compile: 1137µs, render: 66ms)
 GET / 200 in 68ms (compile: 1822µs, render: 66ms)
 GET / 200 in 59ms (compile: 1429µs, render: 58ms)
 GET / 200 in 67ms (compile: 3ms, render: 64ms)
 GET / 200 in 57ms (compile: 1781µs, render: 55ms)
 GET / 200 in 66ms (compile: 1148µs, render: 65ms)
 GET / 200 in 66ms (compile: 1062µs, render: 65ms)
 GET / 200 in 56ms (compile: 1608µs, render: 54ms)
 GET / 200 in 46ms (compile: 1557µs, render: 45ms)
 GET / 200 in 35ms (compile: 1929µs, render: 33ms)
 GET / 200 in 24ms (compile: 1092µs, render: 23ms)
 GET / 200 in 14ms (compile: 2ms, render: 12ms)
 GET / 200 in 66ms (compile: 1169µs, render: 65ms)
 GET / 200 in 63ms (compile: 1361µs, render: 61ms)
 GET / 200 in 64ms (compile: 1099µs, render: 63ms)
 GET / 200 in 65ms (compile: 974µs, render: 64ms)
 GET / 200 in 67ms (compile: 992µs, render: 66ms)
 GET / 200 in 67ms (compile: 1287µs, render: 66ms)
 GET / 200 in 68ms (compile: 1276µs, render: 66ms)
 GET / 200 in 67ms (compile: 1115µs, render: 66ms)
 GET / 200 in 59ms (compile: 1171µs, render: 57ms)
 GET / 200 in 69ms (compile: 1074µs, render: 68ms)
 GET / 200 in 60ms (compile: 1140µs, render: 59ms)
 GET / 200 in 67ms (compile: 1124µs, render: 66ms)
 GET / 200 in 79ms (compile: 1079µs, render: 78ms)
 GET / 200 in 70ms (compile: 2ms, render: 68ms)
 GET / 200 in 80ms (compile: 1042µs, render: 79ms)
 GET / 200 in 79ms (compile: 1207µs, render: 77ms)
 GET / 200 in 63ms (compile: 2ms, render: 61ms)
 GET / 200 in 60ms (compile: 1195µs, render: 59ms)
 GET / 200 in 68ms (compile: 2ms, render: 66ms)
 GET / 200 in 59ms (compile: 1001µs, render: 58ms)
 GET / 200 in 70ms (compile: 1094µs, render: 69ms)
 GET / 200 in 80ms (compile: 1675µs, render: 78ms)
 GET / 200 in 71ms (compile: 3ms, render: 69ms)
 GET / 200 in 86ms (compile: 1217µs, render: 85ms)
 GET / 200 in 88ms (compile: 1583µs, render: 86ms)
 GET / 200 in 77ms (compile: 1189µs, render: 76ms)
 GET / 200 in 89ms (compile: 2ms, render: 87ms)
 GET / 200 in 86ms (compile: 1807µs, render: 85ms)
 GET / 200 in 76ms (compile: 3ms, render: 73ms)
 GET / 200 in 84ms (compile: 1905µs, render: 83ms)
 GET / 200 in 73ms (compile: 1996µs, render: 71ms)
 GET / 200 in 81ms (compile: 3ms, render: 78ms)
 GET / 200 in 79ms (compile: 1097µs, render: 78ms)
 GET / 200 in 66ms (compile: 1153µs, render: 65ms)
 GET / 200 in 55ms (compile: 1104µs, render: 54ms)
 GET / 200 in 54ms (compile: 1325µs, render: 53ms)
 GET / 200 in 54ms (compile: 2ms, render: 52ms)
 GET / 200 in 40ms (compile: 1272µs, render: 38ms)
 GET / 200 in 60ms (compile: 1298µs, render: 59ms)
 GET / 200 in 49ms (compile: 1127µs, render: 47ms)
 GET / 200 in 37ms (compile: 1215µs, render: 36ms)
 GET / 200 in 28ms (compile: 1607µs, render: 27ms)
 GET / 200 in 29ms (compile: 1452µs, render: 28ms)
 GET / 200 in 43ms (compile: 2ms, render: 40ms)
 GET / 200 in 41ms (compile: 1988µs, render: 39ms)
 GET / 200 in 29ms (compile: 1158µs, render: 28ms)
 GET / 200 in 11ms (compile: 1064µs, render: 10ms)
 GET / 200 in 24ms (compile: 3ms, render: 22ms)
 GET / 200 in 26ms (compile: 1601µs, render: 25ms)
 GET / 200 in 37ms (compile: 1849µs, render: 35ms)
 GET / 200 in 27ms (compile: 1375µs, render: 26ms)
 GET / 200 in 37ms (compile: 1153µs, render: 36ms)
 GET / 200 in 71ms (compile: 3ms, render: 68ms)
 GET / 200 in 61ms (compile: 1409µs, render: 59ms)
 GET / 200 in 60ms (compile: 1518µs, render: 59ms)
 GET / 200 in 63ms (compile: 1235µs, render: 62ms)
 GET / 200 in 67ms (compile: 1172µs, render: 65ms)
 GET / 200 in 74ms (compile: 1150µs, render: 73ms)
 GET / 200 in 73ms (compile: 1878µs, render: 72ms)
 GET / 200 in 81ms (compile: 1346µs, render: 80ms)
 GET / 200 in 69ms (compile: 1235µs, render: 68ms)
 GET / 200 in 77ms (compile: 1377µs, render: 76ms)
 GET / 200 in 59ms (compile: 1310µs, render: 58ms)
 GET / 200 in 60ms (compile: 3ms, render: 57ms)
 GET / 200 in 61ms (compile: 1171µs, render: 60ms)
 GET / 200 in 70ms (compile: 1160µs, render: 68ms)
 GET / 200 in 62ms (compile: 1914µs, render: 60ms)
 GET / 200 in 68ms (compile: 1902µs, render: 66ms)
 GET / 200 in 58ms (compile: 1211µs, render: 57ms)
 GET / 200 in 56ms (compile: 1109µs, render: 55ms)
 GET / 200 in 58ms (compile: 1143µs, render: 57ms)
 GET / 200 in 74ms (compile: 1734µs, render: 72ms)
 GET / 200 in 76ms (compile: 1106µs, render: 75ms)
 GET / 200 in 79ms (compile: 2ms, render: 77ms)
 GET / 200 in 79ms (compile: 1995µs, render: 77ms)
 GET / 200 in 78ms (compile: 2ms, render: 76ms)
 GET / 200 in 67ms (compile: 1259µs, render: 66ms)
 GET / 200 in 70ms (compile: 1213µs, render: 69ms)
 GET / 200 in 68ms (compile: 2ms, render: 66ms)
 GET / 200 in 56ms (compile: 1045µs, render: 55ms)
 GET / 200 in 61ms (compile: 1223µs, render: 60ms)
 GET / 200 in 72ms (compile: 1121µs, render: 71ms)
 GET / 200 in 74ms (compile: 1274µs, render: 72ms)
 GET / 200 in 64ms (compile: 1051µs, render: 63ms)
 GET / 200 in 73ms (compile: 1591µs, render: 71ms)
 GET / 200 in 68ms (compile: 4ms, render: 64ms)
 GET / 200 in 57ms (compile: 1838µs, render: 56ms)
 GET / 200 in 71ms (compile: 1220µs, render: 70ms)
 GET / 200 in 72ms (compile: 1922µs, render: 70ms)
 GET / 200 in 63ms (compile: 1808µs, render: 61ms)
 GET / 200 in 71ms (compile: 1038µs, render: 70ms)
 GET / 200 in 71ms (compile: 2ms, render: 69ms)
 GET / 200 in 66ms (compile: 1092µs, render: 65ms)
 GET / 200 in 57ms (compile: 1242µs, render: 55ms)
 GET / 200 in 56ms (compile: 1651µs, render: 55ms)
 GET / 200 in 66ms (compile: 1049µs, render: 65ms)
 GET / 200 in 57ms (compile: 1755µs, render: 55ms)
 GET / 200 in 65ms (compile: 1212µs, render: 64ms)
 GET / 200 in 66ms (compile: 1688µs, render: 64ms)
 GET / 200 in 56ms (compile: 2ms, render: 54ms)
 GET / 200 in 47ms (compile: 1165µs, render: 46ms)
 GET / 200 in 56ms (compile: 1665µs, render: 54ms)
 GET / 200 in 63ms (compile: 1198µs, render: 62ms)
 GET / 200 in 78ms (compile: 1026µs, render: 77ms)
 GET / 200 in 77ms (compile: 1594µs, render: 75ms)
 GET / 200 in 77ms (compile: 1097µs, render: 76ms)
 GET / 200 in 79ms (compile: 1051µs, render: 78ms)
 GET / 200 in 72ms (compile: 1142µs, render: 71ms)
 GET / 200 in 59ms (compile: 1088µs, render: 58ms)
 GET / 200 in 68ms (compile: 1104µs, render: 67ms)
 GET / 200 in 57ms (compile: 1092µs, render: 56ms)
 GET / 200 in 48ms (compile: 1189µs, render: 46ms)
 GET / 200 in 56ms (compile: 1108µs, render: 55ms)
 GET / 200 in 56ms (compile: 1711µs, render: 55ms)
 GET / 200 in 47ms (compile: 2ms, render: 45ms)
 GET / 200 in 64ms (compile: 1899µs, render: 62ms)
 GET / 200 in 55ms (compile: 1135µs, render: 54ms)
 GET / 200 in 71ms (compile: 1373µs, render: 69ms)
 GET / 200 in 61ms (compile: 1541µs, render: 60ms)
 GET / 200 in 63ms (compile: 1064µs, render: 62ms)
 GET / 200 in 65ms (compile: 1866µs, render: 63ms)
 GET / 200 in 74ms (compile: 1790µs, render: 72ms)
 GET / 200 in 73ms (compile: 1251µs, render: 72ms)
 GET / 200 in 68ms (compile: 1375µs, render: 66ms)
 GET / 200 in 57ms (compile: 998µs, render: 56ms)
 GET / 200 in 58ms (compile: 2ms, render: 56ms)
 GET / 200 in 67ms (compile: 1041µs, render: 65ms)
 GET / 200 in 55ms (compile: 1103µs, render: 54ms)
 GET / 200 in 45ms (compile: 1332µs, render: 44ms)
 GET / 200 in 34ms (compile: 1665µs, render: 32ms)
 GET / 200 in 23ms (compile: 2ms, render: 21ms)
 GET / 200 in 12ms (compile: 1871µs, render: 10ms)
 GET / 200 in 41ms (compile: 1091µs, render: 40ms)
 GET / 200 in 30ms (compile: 1105µs, render: 29ms)
 GET / 200 in 20ms (compile: 1054µs, render: 19ms)
 GET / 200 in 11ms (compile: 988µs, render: 10ms)
 GET / 200 in 55ms (compile: 2ms, render: 52ms)
 GET / 200 in 43ms (compile: 1664µs, render: 41ms)
 GET / 200 in 27ms (compile: 3ms, render: 25ms)
 GET / 200 in 23ms (compile: 1128µs, render: 22ms)
 GET / 200 in 31ms (compile: 1720µs, render: 29ms)
 GET / 200 in 22ms (compile: 1078µs, render: 21ms)
 GET / 200 in 32ms (compile: 1144µs, render: 30ms)
 GET / 200 in 31ms (compile: 3ms, render: 29ms)
 GET / 200 in 21ms (compile: 1113µs, render: 20ms)
 GET / 200 in 23ms (compile: 1107µs, render: 21ms)
 GET / 200 in 31ms (compile: 2ms, render: 29ms)
 GET / 200 in 20ms (compile: 1036µs, render: 19ms)
 GET / 200 in 10ms (compile: 1020µs, render: 9ms)
 GET / 200 in 24ms (compile: 1602µs, render: 22ms)
 GET / 200 in 10ms (compile: 986µs, render: 9ms)
 GET / 200 in 20ms (compile: 1037µs, render: 19ms)
 GET / 200 in 10ms (compile: 953µs, render: 9ms)
 GET / 200 in 29ms (compile: 959µs, render: 28ms)
 GET / 200 in 20ms (compile: 933µs, render: 19ms)
 GET / 200 in 13ms (compile: 923µs, render: 12ms)
 GET / 200 in 30ms (compile: 1923µs, render: 28ms)
 GET / 200 in 21ms (compile: 1060µs, render: 20ms)
 GET / 200 in 10ms (compile: 986µs, render: 9ms)
 GET / 200 in 19ms (compile: 1130µs, render: 18ms)
 GET / 200 in 10ms (compile: 1008µs, render: 9ms)
 GET / 200 in 20ms (compile: 992µs, render: 19ms)
 GET / 200 in 10ms (compile: 1079µs, render: 9ms)
 GET / 200 in 56ms (compile: 1125µs, render: 55ms)
 GET / 200 in 72ms (compile: 1074µs, render: 71ms)
 GET / 200 in 62ms (compile: 985µs, render: 61ms)
 GET / 200 in 71ms (compile: 1066µs, render: 70ms)
 GET / 200 in 63ms (compile: 1228µs, render: 62ms)
 GET / 200 in 72ms (compile: 1973µs, render: 70ms)
 GET / 200 in 68ms (compile: 1094µs, render: 67ms)
 GET / 200 in 67ms (compile: 2ms, render: 65ms)
 GET / 200 in 69ms (compile: 1293µs, render: 68ms)
 GET / 200 in 60ms (compile: 1753µs, render: 59ms)
 GET / 200 in 75ms (compile: 1376µs, render: 74ms)
 GET / 200 in 75ms (compile: 1229µs, render: 74ms)
 GET / 200 in 65ms (compile: 1294µs, render: 63ms)
 GET / 200 in 78ms (compile: 1441µs, render: 76ms)
 GET / 200 in 67ms (compile: 2ms, render: 65ms)
 GET / 200 in 79ms (compile: 1361µs, render: 78ms)
 GET / 200 in 76ms (compile: 1153µs, render: 75ms)
 GET / 200 in 67ms (compile: 1892µs, render: 65ms)
 GET / 200 in 62ms (compile: 1109µs, render: 61ms)
 GET / 200 in 74ms (compile: 1509µs, render: 73ms)
 GET / 200 in 65ms (compile: 977µs, render: 64ms)
 GET / 200 in 69ms (compile: 1221µs, render: 68ms)
 GET / 200 in 69ms (compile: 1821µs, render: 68ms)
 GET / 200 in 59ms (compile: 1993µs, render: 57ms)
 GET / 200 in 59ms (compile: 1372µs, render: 58ms)
 GET / 200 in 56ms (compile: 1468µs, render: 55ms)
 GET / 200 in 57ms (compile: 1239µs, render: 56ms)
 GET / 200 in 66ms (compile: 1191µs, render: 65ms)
 GET / 200 in 65ms (compile: 1167µs, render: 64ms)
 GET / 200 in 55ms (compile: 1077µs, render: 54ms)
 GET / 200 in 45ms (compile: 1082µs, render: 44ms)
 GET / 200 in 47ms (compile: 1674µs, render: 45ms)
 GET / 200 in 36ms (compile: 994µs, render: 35ms)
 GET / 200 in 51ms (compile: 1099µs, render: 50ms)
 GET / 200 in 69ms (compile: 1502µs, render: 68ms)
 GET / 200 in 59ms (compile: 1743µs, render: 58ms)
 GET / 200 in 54ms (compile: 1097µs, render: 53ms)
 GET / 200 in 65ms (compile: 1208µs, render: 64ms)
 GET / 200 in 57ms (compile: 996µs, render: 56ms)
 GET / 200 in 66ms (compile: 1060µs, render: 65ms)
 GET / 200 in 65ms (compile: 1615µs, render: 64ms)
 GET / 200 in 56ms (compile: 1673µs, render: 54ms)
 GET / 200 in 53ms (compile: 1107µs, render: 52ms)
 GET / 200 in 43ms (compile: 1977µs, render: 41ms)
 GET / 200 in 32ms (compile: 1436µs, render: 31ms)
 GET / 200 in 22ms (compile: 1010µs, render: 21ms)
 GET / 200 in 14ms (compile: 1508µs, render: 12ms)
 GET / 200 in 30ms (compile: 1663µs, render: 29ms)
 GET / 200 in 20ms (compile: 1004µs, render: 19ms)
 GET / 200 in 11ms (compile: 1089µs, render: 10ms)
 GET / 200 in 41ms (compile: 1412µs, render: 40ms)
 GET / 200 in 29ms (compile: 1003µs, render: 28ms)
 GET / 200 in 13ms (compile: 1067µs, render: 12ms)
 GET / 200 in 29ms (compile: 1108µs, render: 28ms)
 GET / 200 in 20ms (compile: 975µs, render: 19ms)
 GET / 200 in 10ms (compile: 976µs, render: 9ms)
 GET / 200 in 30ms (compile: 1152µs, render: 29ms)
 GET / 200 in 32ms (compile: 982µs, render: 31ms)
 GET / 200 in 32ms (compile: 1294µs, render: 31ms)
 GET / 200 in 31ms (compile: 1008µs, render: 30ms)
 GET / 200 in 22ms (compile: 994µs, render: 21ms)
 GET / 200 in 24ms (compile: 1669µs, render: 22ms)
 GET / 200 in 42ms (compile: 3ms, render: 39ms)
 GET / 200 in 30ms (compile: 948µs, render: 29ms)
 GET / 200 in 21ms (compile: 891µs, render: 20ms)
 GET / 200 in 11ms (compile: 1475µs, render: 10ms)
 GET / 200 in 72ms (compile: 1013µs, render: 71ms)
 GET / 200 in 28ms (compile: 1366µs, render: 26ms)
 GET / 200 in 11ms (compile: 1133µs, render: 10ms)
 GET / 200 in 30ms (compile: 1068µs, render: 28ms)
 GET / 200 in 20ms (compile: 1098µs, render: 19ms)
 GET / 200 in 10ms (compile: 983µs, render: 9ms)
 GET / 200 in 29ms (compile: 1118µs, render: 28ms)
 GET / 200 in 20ms (compile: 963µs, render: 19ms)
 GET / 200 in 11ms (compile: 1248µs, render: 9ms)
 GET / 200 in 15ms (compile: 3ms, render: 12ms)
 GET / 200 in 22ms (compile: 1559µs, render: 20ms)
 GET / 200 in 23ms (compile: 1182µs, render: 22ms)
 GET / 200 in 31ms (compile: 1097µs, render: 30ms)
 GET / 200 in 19ms (compile: 961µs, render: 19ms)
 GET / 200 in 10ms (compile: 889µs, render: 9ms)
 GET / 200 in 27ms (compile: 1721µs, render: 26ms)
 GET / 200 in 16ms (compile: 7ms, render: 10ms)
 GET / 200 in 20ms (compile: 1162µs, render: 19ms)
 GET / 200 in 12ms (compile: 1306µs, render: 10ms)
 GET / 200 in 21ms (compile: 2ms, render: 19ms)
 GET / 200 in 22ms (compile: 867µs, render: 21ms)
 GET / 200 in 22ms (compile: 1083µs, render: 21ms)
 GET / 200 in 11ms (compile: 1054µs, render: 9ms)
 GET / 200 in 22ms (compile: 1182µs, render: 21ms)
 GET / 200 in 23ms (compile: 1199µs, render: 22ms)
 GET / 200 in 22ms (compile: 1672µs, render: 20ms)
 GET / 200 in 23ms (compile: 1771µs, render: 21ms)
 GET / 200 in 32ms (compile: 1738µs, render: 31ms)
 GET / 200 in 33ms (compile: 1374µs, render: 32ms)
 GET / 200 in 39ms (compile: 952µs, render: 38ms)
 GET / 200 in 40ms (compile: 3ms, render: 36ms)
 GET / 200 in 38ms (compile: 1404µs, render: 36ms)
 GET / 200 in 32ms (compile: 1140µs, render: 31ms)
 GET / 200 in 21ms (compile: 1283µs, render: 20ms)
 GET / 200 in 11ms (compile: 1158µs, render: 9ms)
 GET / 200 in 20ms (compile: 1424µs, render: 18ms)
 GET / 200 in 10ms (compile: 947µs, render: 9ms)
 GET / 200 in 43ms (compile: 1441µs, render: 41ms)
 GET / 200 in 34ms (compile: 1245µs, render: 33ms)
 GET / 200 in 25ms (compile: 1553µs, render: 23ms)
 GET / 200 in 33ms (compile: 888µs, render: 32ms)
 GET / 200 in 57ms (compile: 3ms, render: 54ms)
 GET / 200 in 77ms (compile: 1261µs, render: 76ms)
 GET / 200 in 77ms (compile: 1630µs, render: 76ms)
 GET / 200 in 68ms (compile: 1925µs, render: 66ms)
 GET / 200 in 70ms (compile: 1967µs, render: 68ms)
 GET / 200 in 90ms (compile: 1136µs, render: 89ms)
 GET / 200 in 73ms (compile: 1346µs, render: 71ms)
 GET / 200 in 83ms (compile: 1031µs, render: 82ms)
 GET / 200 in 82ms (compile: 1623µs, render: 80ms)
 GET / 200 in 74ms (compile: 2ms, render: 72ms)
 GET / 200 in 69ms (compile: 1693µs, render: 67ms)
 GET / 200 in 66ms (compile: 1614µs, render: 65ms)
 GET / 200 in 69ms (compile: 1052µs, render: 68ms)
 GET / 200 in 70ms (compile: 1062µs, render: 69ms)
 GET / 200 in 76ms (compile: 1735µs, render: 75ms)
 GET / 200 in 85ms (compile: 5ms, render: 80ms)
 GET / 200 in 86ms (compile: 3ms, render: 83ms)
 GET / 200 in 83ms (compile: 4ms, render: 79ms)
 GET / 200 in 77ms (compile: 1633µs, render: 76ms)
 GET / 200 in 63ms (compile: 2ms, render: 61ms)
 GET / 200 in 65ms (compile: 1333µs, render: 64ms)
 GET / 200 in 65ms (compile: 6ms, render: 59ms)
 GET / 200 in 71ms (compile: 1174µs, render: 70ms)
 GET / 200 in 72ms (compile: 1327µs, render: 71ms)
 GET / 200 in 71ms (compile: 1710µs, render: 70ms)
 GET / 200 in 60ms (compile: 1118µs, render: 59ms)
 GET / 200 in 70ms (compile: 3ms, render: 67ms)
 GET / 200 in 58ms (compile: 1055µs, render: 57ms)
 GET / 200 in 58ms (compile: 970µs, render: 57ms)
 GET / 200 in 67ms (compile: 1607µs, render: 65ms)
 GET / 200 in 65ms (compile: 3ms, render: 63ms)
 GET / 200 in 68ms (compile: 1046µs, render: 67ms)
 GET / 200 in 85ms (compile: 1532µs, render: 83ms)
 GET / 200 in 77ms (compile: 2ms, render: 75ms)
 GET / 200 in 77ms (compile: 1384µs, render: 76ms)
 GET / 200 in 83ms (compile: 8ms, render: 75ms)
 GET / 200 in 75ms (compile: 2ms, render: 73ms)
 GET / 200 in 59ms (compile: 1397µs, render: 57ms)
 GET / 200 in 67ms (compile: 1947µs, render: 65ms)
 GET / 200 in 67ms (compile: 2ms, render: 64ms)
 GET / 200 in 57ms (compile: 1178µs, render: 56ms)
 GET / 200 in 65ms (compile: 1234µs, render: 64ms)
 GET / 200 in 65ms (compile: 1878µs, render: 64ms)
 GET / 200 in 66ms (compile: 1760µs, render: 64ms)
 GET / 200 in 56ms (compile: 1013µs, render: 55ms)
 GET / 200 in 65ms (compile: 1266µs, render: 64ms)
 GET / 200 in 72ms (compile: 1126µs, render: 71ms)
 GET / 200 in 77ms (compile: 1256µs, render: 76ms)
 GET / 200 in 75ms (compile: 1307µs, render: 74ms)
 GET / 200 in 66ms (compile: 1790µs, render: 64ms)
 GET / 200 in 67ms (compile: 998µs, render: 66ms)
 GET / 200 in 75ms (compile: 1051µs, render: 74ms)
 GET / 200 in 68ms (compile: 1228µs, render: 67ms)
 GET / 200 in 53ms (compile: 1011µs, render: 52ms)
 GET / 200 in 44ms (compile: 1741µs, render: 42ms)
 GET / 200 in 32ms (compile: 1607µs, render: 31ms)
 GET / 200 in 23ms (compile: 1232µs, render: 22ms)
 GET / 200 in 25ms (compile: 1024µs, render: 24ms)
 GET / 200 in 32ms (compile: 1571µs, render: 30ms)
 GET / 200 in 21ms (compile: 1084µs, render: 20ms)
 GET / 200 in 10ms (compile: 1104µs, render: 9ms)
 GET / 200 in 50ms (compile: 1812µs, render: 48ms)
 GET / 200 in 40ms (compile: 1301µs, render: 39ms)
 GET / 200 in 41ms (compile: 1369µs, render: 40ms)
 GET / 200 in 61ms (compile: 1093µs, render: 60ms)
 GET / 200 in 61ms (compile: 954µs, render: 60ms)
 GET / 200 in 72ms (compile: 2ms, render: 70ms)
 GET / 200 in 61ms (compile: 1806µs, render: 59ms)
 GET / 200 in 43ms (compile: 1190µs, render: 42ms)
 GET / 200 in 33ms (compile: 1710µs, render: 32ms)
 GET / 200 in 25ms (compile: 1848µs, render: 23ms)
 GET / 200 in 23ms (compile: 985µs, render: 22ms)
 GET / 200 in 30ms (compile: 1578µs, render: 28ms)
 GET / 200 in 20ms (compile: 1276µs, render: 18ms)
 GET / 200 in 10ms (compile: 874µs, render: 9ms)
 GET / 200 in 37ms (compile: 1210µs, render: 36ms)
 GET / 200 in 39ms (compile: 854µs, render: 38ms)
 GET / 200 in 40ms (compile: 910µs, render: 39ms)
 GET / 200 in 67ms (compile: 938µs, render: 66ms)
 GET / 200 in 71ms (compile: 1182µs, render: 70ms)
 GET / 200 in 70ms (compile: 937µs, render: 70ms)
 GET / 200 in 73ms (compile: 1291µs, render: 72ms)
 GET / 200 in 65ms (compile: 1012µs, render: 64ms)
 GET / 200 in 62ms (compile: 1208µs, render: 60ms)
 GET / 200 in 66ms (compile: 1164µs, render: 65ms)
 GET / 200 in 56ms (compile: 1011µs, render: 55ms)
 GET / 200 in 57ms (compile: 1459µs, render: 55ms)
 GET / 200 in 56ms (compile: 1901µs, render: 54ms)
 GET / 200 in 56ms (compile: 2ms, render: 54ms)
 GET / 200 in 56ms (compile: 991µs, render: 55ms)
 GET / 200 in 65ms (compile: 1069µs, render: 64ms)
 GET / 200 in 55ms (compile: 1276µs, render: 54ms)
 GET / 200 in 56ms (compile: 1147µs, render: 55ms)
 GET / 200 in 58ms (compile: 976µs, render: 57ms)
 GET / 200 in 67ms (compile: 1667µs, render: 65ms)
 GET / 200 in 67ms (compile: 1057µs, render: 66ms)
 GET / 200 in 74ms (compile: 1133µs, render: 73ms)
 GET / 200 in 72ms (compile: 1499µs, render: 71ms)
 GET / 200 in 71ms (compile: 1129µs, render: 70ms)
 GET / 200 in 64ms (compile: 2ms, render: 62ms)
 GET / 200 in 54ms (compile: 1856µs, render: 53ms)
 GET / 200 in 54ms (compile: 1096µs, render: 53ms)
 GET / 200 in 64ms (compile: 959µs, render: 63ms)
 GET / 200 in 66ms (compile: 1051µs, render: 65ms)
 GET / 200 in 57ms (compile: 956µs, render: 56ms)
 GET / 200 in 66ms (compile: 1026µs, render: 65ms)
 GET / 200 in 66ms (compile: 1034µs, render: 65ms)
 GET / 200 in 66ms (compile: 1178µs, render: 65ms)
 GET / 200 in 56ms (compile: 1419µs, render: 55ms)
 GET / 200 in 55ms (compile: 1070µs, render: 54ms)
 GET / 200 in 59ms (compile: 1062µs, render: 58ms)
 GET / 200 in 61ms (compile: 1927µs, render: 59ms)
 GET / 200 in 61ms (compile: 1076µs, render: 60ms)
 GET / 200 in 71ms (compile: 1146µs, render: 70ms)
 GET / 200 in 70ms (compile: 1616µs, render: 69ms)
 GET / 200 in 55ms (compile: 1115µs, render: 54ms)
 GET / 200 in 44ms (compile: 1113µs, render: 43ms)
 GET / 200 in 43ms (compile: 1096µs, render: 42ms)
 GET / 200 in 44ms (compile: 1002µs, render: 43ms)
 GET / 200 in 52ms (compile: 1063µs, render: 51ms)
 GET / 200 in 80ms (compile: 887µs, render: 79ms)
 GET / 200 in 80ms (compile: 1652µs, render: 78ms)
 GET / 200 in 69ms (compile: 1109µs, render: 68ms)
 GET / 200 in 60ms (compile: 950µs, render: 59ms)
 GET / 200 in 45ms (compile: 1050µs, render: 44ms)
 GET / 200 in 48ms (compile: 1124µs, render: 47ms)
 GET / 200 in 76ms (compile: 1109µs, render: 75ms)
 GET / 200 in 75ms (compile: 1463µs, render: 74ms)
 GET / 200 in 66ms (compile: 1040µs, render: 65ms)
 GET / 200 in 77ms (compile: 1944µs, render: 75ms)
 GET / 200 in 63ms (compile: 1120µs, render: 62ms)
 GET / 200 in 62ms (compile: 1068µs, render: 61ms)
 GET / 200 in 72ms (compile: 1048µs, render: 71ms)
 GET / 200 in 72ms (compile: 1808µs, render: 70ms)
 GET / 200 in 61ms (compile: 1247µs, render: 60ms)
 GET / 200 in 69ms (compile: 2ms, render: 66ms)
 GET / 200 in 66ms (compile: 1987µs, render: 64ms)
 GET / 200 in 66ms (compile: 1199µs, render: 65ms)
 GET / 200 in 57ms (compile: 1055µs, render: 56ms)
 GET / 200 in 68ms (compile: 2ms, render: 65ms)
 GET / 200 in 76ms (compile: 1139µs, render: 75ms)
 GET / 200 in 76ms (compile: 1103µs, render: 75ms)
 GET / 200 in 67ms (compile: 1077µs, render: 66ms)
 GET / 200 in 76ms (compile: 2ms, render: 74ms)
 GET / 200 in 67ms (compile: 1012µs, render: 66ms)
 GET / 200 in 74ms (compile: 1008µs, render: 73ms)
 GET / 200 in 67ms (compile: 1092µs, render: 66ms)
 GET / 200 in 66ms (compile: 1955µs, render: 64ms)
 GET / 200 in 66ms (compile: 1101µs, render: 65ms)
 GET / 200 in 66ms (compile: 1997µs, render: 64ms)
 GET / 200 in 67ms (compile: 1050µs, render: 66ms)
 GET / 200 in 65ms (compile: 1201µs, render: 64ms)
 GET / 200 in 65ms (compile: 1153µs, render: 63ms)
 GET / 200 in 64ms (compile: 1172µs, render: 63ms)
 GET / 200 in 55ms (compile: 1044µs, render: 54ms)
 GET / 200 in 56ms (compile: 1032µs, render: 55ms)
 GET / 200 in 74ms (compile: 1507µs, render: 72ms)
 GET / 200 in 63ms (compile: 1165µs, render: 62ms)
 GET / 200 in 54ms (compile: 1095µs, render: 53ms)
 GET / 200 in 62ms (compile: 1464µs, render: 60ms)
 GET / 200 in 53ms (compile: 1318µs, render: 51ms)
 GET / 200 in 56ms (compile: 986µs, render: 55ms)
 GET / 200 in 61ms (compile: 1771µs, render: 59ms)
 GET / 200 in 62ms (compile: 1127µs, render: 60ms)
 GET / 200 in 54ms (compile: 1127µs, render: 53ms)
 GET / 200 in 66ms (compile: 1041µs, render: 65ms)
 GET / 200 in 58ms (compile: 1627µs, render: 56ms)
 GET / 200 in 57ms (compile: 964µs, render: 56ms)
 GET / 200 in 66ms (compile: 1022µs, render: 65ms)
 GET / 200 in 55ms (compile: 2ms, render: 53ms)
 GET / 200 in 44ms (compile: 1188µs, render: 42ms)
 GET / 200 in 33ms (compile: 1793µs, render: 31ms)
 GET / 200 in 24ms (compile: 1604µs, render: 22ms)
 GET / 200 in 24ms (compile: 906µs, render: 23ms)
 GET / 200 in 63ms (compile: 1726µs, render: 61ms)
 GET / 200 in 72ms (compile: 1790µs, render: 70ms)
 GET / 200 in 62ms (compile: 1022µs, render: 61ms)
 GET / 200 in 44ms (compile: 1049µs, render: 43ms)
 GET / 200 in 35ms (compile: 1042µs, render: 34ms)
 GET / 200 in 26ms (compile: 2ms, render: 24ms)
 GET / 200 in 17ms (compile: 1191µs, render: 16ms)
✓ Compiled in 128ms
 GET / 200 in 605ms (compile: 165ms, render: 441ms)
 GET / 200 in 357ms (compile: 6ms, render: 351ms)
 GET / 200 in 323ms (compile: 106ms, render: 218ms)
 GET / 200 in 97ms (compile: 2ms, render: 94ms)
 GET / 200 in 93ms (compile: 1790µs, render: 91ms)
 GET / 200 in 88ms (compile: 4ms, render: 84ms)
 GET / 200 in 83ms (compile: 1830µs, render: 81ms)
 GET / 200 in 87ms (compile: 3ms, render: 84ms)
 GET / 200 in 74ms (compile: 1339µs, render: 73ms)
 GET / 200 in 73ms (compile: 1171µs, render: 72ms)
 GET / 200 in 89ms (compile: 1980µs, render: 87ms)
 GET / 200 in 73ms (compile: 1658µs, render: 71ms)
 GET / 200 in 74ms (compile: 2ms, render: 72ms)
 GET / 200 in 83ms (compile: 1540µs, render: 81ms)
 GET / 200 in 74ms (compile: 2ms, render: 72ms)
 GET / 200 in 69ms (compile: 1979µs, render: 67ms)
 GET / 200 in 76ms (compile: 1798µs, render: 74ms)
 GET / 200 in 65ms (compile: 1261µs, render: 64ms)
 GET / 200 in 67ms (compile: 2ms, render: 65ms)
 GET / 200 in 71ms (compile: 2ms, render: 69ms)
 GET / 200 in 72ms (compile: 2ms, render: 70ms)
 GET / 200 in 76ms (compile: 1638µs, render: 74ms)
 GET / 200 in 77ms (compile: 3ms, render: 74ms)
 GET / 200 in 74ms (compile: 1071µs, render: 73ms)
 GET / 200 in 76ms (compile: 1001µs, render: 75ms)
 GET / 200 in 65ms (compile: 1205µs, render: 64ms)
 GET / 200 in 53ms (compile: 1365µs, render: 52ms)
 GET / 200 in 38ms (compile: 1711µs, render: 36ms)
 GET / 200 in 37ms (compile: 1275µs, render: 36ms)
 GET / 200 in 38ms (compile: 1252µs, render: 37ms)
 GET / 200 in 75ms (compile: 1703µs, render: 73ms)
 GET / 200 in 79ms (compile: 1927µs, render: 77ms)
 GET / 200 in 69ms (compile: 1431µs, render: 67ms)
 GET / 200 in 82ms (compile: 1139µs, render: 81ms)
 GET / 200 in 74ms (compile: 1122µs, render: 73ms)
 GET / 200 in 86ms (compile: 1377µs, render: 84ms)
 GET / 200 in 87ms (compile: 1774µs, render: 85ms)
 GET / 200 in 75ms (compile: 3ms, render: 71ms)
 GET / 200 in 90ms (compile: 1253µs, render: 88ms)
 GET / 200 in 90ms (compile: 2ms, render: 88ms)
 GET / 200 in 95ms (compile: 3ms, render: 92ms)
 GET / 200 in 81ms (compile: 1572µs, render: 79ms)
 GET / 200 in 87ms (compile: 2ms, render: 85ms)
 GET / 200 in 70ms (compile: 1352µs, render: 69ms)
 GET / 200 in 81ms (compile: 1696µs, render: 79ms)
 GET / 200 in 80ms (compile: 1482µs, render: 78ms)
 GET / 200 in 67ms (compile: 1931µs, render: 65ms)
 GET / 200 in 65ms (compile: 1722µs, render: 63ms)
 GET / 200 in 64ms (compile: 2ms, render: 62ms)
 GET / 200 in 74ms (compile: 1389µs, render: 73ms)
 GET / 200 in 72ms (compile: 1138µs, render: 71ms)
 GET / 200 in 69ms (compile: 1596µs, render: 67ms)
 GET / 200 in 68ms (compile: 1295µs, render: 67ms)
 GET / 200 in 72ms (compile: 2ms, render: 69ms)
 GET / 200 in 61ms (compile: 1284µs, render: 59ms)
 GET / 200 in 60ms (compile: 1205µs, render: 59ms)
 GET / 200 in 70ms (compile: 1454µs, render: 69ms)
 GET / 200 in 69ms (compile: 1052µs, render: 68ms)
 GET / 200 in 69ms (compile: 987µs, render: 68ms)
 GET / 200 in 66ms (compile: 1711µs, render: 64ms)
 GET / 200 in 57ms (compile: 1936µs, render: 55ms)
 GET / 200 in 72ms (compile: 1578µs, render: 71ms)
 GET / 200 in 63ms (compile: 986µs, render: 62ms)
 GET / 200 in 73ms (compile: 1540µs, render: 72ms)
 GET / 200 in 74ms (compile: 1180µs, render: 73ms)
 GET / 200 in 64ms (compile: 1675µs, render: 63ms)
 GET / 200 in 73ms (compile: 1193µs, render: 72ms)
 GET / 200 in 55ms (compile: 2ms, render: 53ms)
 GET / 200 in 45ms (compile: 1136µs, render: 43ms)
 GET / 200 in 33ms (compile: 1345µs, render: 31ms)
 GET / 200 in 22ms (compile: 1698µs, render: 20ms)
 GET / 200 in 11ms (compile: 1091µs, render: 10ms)
 GET / 200 in 61ms (compile: 1528µs, render: 60ms)
 GET / 200 in 62ms (compile: 1034µs, render: 61ms)
 GET / 200 in 65ms (compile: 952µs, render: 64ms)
 GET / 200 in 56ms (compile: 920µs, render: 55ms)
 GET / 200 in 47ms (compile: 1070µs, render: 46ms)
 GET / 200 in 37ms (compile: 1123µs, render: 36ms)
 GET / 200 in 25ms (compile: 1534µs, render: 23ms)
 GET / 200 in 13ms (compile: 1612µs, render: 11ms)
 GET / 200 in 68ms (compile: 1860µs, render: 66ms)
 GET / 200 in 57ms (compile: 1017µs, render: 56ms)
 GET / 200 in 47ms (compile: 1016µs, render: 46ms)
 GET / 200 in 33ms (compile: 1139µs, render: 32ms)
 GET / 200 in 22ms (compile: 975µs, render: 21ms)
 GET / 200 in 11ms (compile: 1142µs, render: 10ms)
 GET / 200 in 29ms (compile: 1139µs, render: 28ms)
 GET / 200 in 20ms (compile: 972µs, render: 19ms)
 GET / 200 in 11ms (compile: 1287µs, render: 10ms)
 GET / 200 in 65ms (compile: 1080µs, render: 64ms)
 GET / 200 in 59ms (compile: 1014µs, render: 58ms)
 GET / 200 in 86ms (compile: 994µs, render: 85ms)
 GET / 200 in 109ms (compile: 1537µs, render: 108ms)
 GET / 200 in 100ms (compile: 1198µs, render: 99ms)
 GET / 200 in 101ms (compile: 2ms, render: 99ms)
 GET / 200 in 100ms (compile: 3ms, render: 97ms)
 GET / 200 in 95ms (compile: 4ms, render: 91ms)
 GET / 200 in 97ms (compile: 3ms, render: 94ms)
 GET / 200 in 76ms (compile: 1237µs, render: 75ms)
 GET / 200 in 63ms (compile: 1421µs, render: 62ms)
 GET / 200 in 50ms (compile: 1419µs, render: 49ms)
 GET / 200 in 40ms (compile: 3ms, render: 37ms)
 GET / 200 in 25ms (compile: 1883µs, render: 23ms)
 GET / 200 in 13ms (compile: 1537µs, render: 11ms)
 GET / 200 in 62ms (compile: 1224µs, render: 60ms)
 GET / 200 in 61ms (compile: 1049µs, render: 60ms)
 GET / 200 in 52ms (compile: 954µs, render: 51ms)
 GET / 200 in 43ms (compile: 1110µs, render: 42ms)
 GET / 200 in 34ms (compile: 1645µs, render: 32ms)
 GET / 200 in 23ms (compile: 1119µs, render: 22ms)
 GET / 200 in 13ms (compile: 1113µs, render: 12ms)
 GET / 200 in 64ms (compile: 1071µs, render: 63ms)
 GET / 200 in 55ms (compile: 1016µs, render: 54ms)
 GET / 200 in 39ms (compile: 998µs, render: 38ms)
 GET / 200 in 31ms (compile: 902µs, render: 30ms)
 GET / 200 in 22ms (compile: 1271µs, render: 20ms)
 GET / 200 in 12ms (compile: 1275µs, render: 10ms)
 GET / 200 in 74ms (compile: 1158µs, render: 72ms)
 GET / 200 in 74ms (compile: 1408µs, render: 73ms)
 GET / 200 in 64ms (compile: 1299µs, render: 62ms)
 GET / 200 in 55ms (compile: 1045µs, render: 54ms)
 GET / 200 in 65ms (compile: 1133µs, render: 64ms)
 GET / 200 in 56ms (compile: 1428µs, render: 54ms)
 GET / 200 in 57ms (compile: 1054µs, render: 56ms)
 GET / 200 in 71ms (compile: 1055µs, render: 70ms)
 GET / 200 in 60ms (compile: 1109µs, render: 59ms)
 GET / 200 in 51ms (compile: 1125µs, render: 49ms)
 GET / 200 in 39ms (compile: 1165µs, render: 38ms)
 GET / 200 in 30ms (compile: 1702µs, render: 28ms)
 GET / 200 in 35ms (compile: 1289µs, render: 34ms)
 GET / 200 in 68ms (compile: 2ms, render: 66ms)
 GET / 200 in 68ms (compile: 1134µs, render: 67ms)
 GET / 200 in 58ms (compile: 1141µs, render: 56ms)
 GET / 200 in 67ms (compile: 1206µs, render: 66ms)
 GET / 200 in 58ms (compile: 1084µs, render: 57ms)
 GET / 200 in 58ms (compile: 1218µs, render: 57ms)
 GET / 200 in 66ms (compile: 1150µs, render: 65ms)
 GET / 200 in 56ms (compile: 1740µs, render: 54ms)
 GET / 200 in 55ms (compile: 1071µs, render: 54ms)
 GET / 200 in 75ms (compile: 1897µs, render: 73ms)
 GET / 200 in 66ms (compile: 1636µs, render: 64ms)
 GET / 200 in 66ms (compile: 1094µs, render: 65ms)
 GET / 200 in 73ms (compile: 1088µs, render: 72ms)
 GET / 200 in 74ms (compile: 1107µs, render: 73ms)
 GET / 200 in 60ms (compile: 1138µs, render: 59ms)
 GET / 200 in 65ms (compile: 1683µs, render: 63ms)
 GET / 200 in 55ms (compile: 1897µs, render: 53ms)
 GET / 200 in 64ms (compile: 1160µs, render: 62ms)
 GET / 200 in 64ms (compile: 1126µs, render: 63ms)
 GET / 200 in 64ms (compile: 1614µs, render: 63ms)
 GET / 200 in 55ms (compile: 1390µs, render: 54ms)
 GET / 200 in 64ms (compile: 1608µs, render: 62ms)
 GET / 200 in 55ms (compile: 1080µs, render: 53ms)
 GET / 200 in 63ms (compile: 1627µs, render: 62ms)
 GET / 200 in 69ms (compile: 1097µs, render: 68ms)
 GET / 200 in 59ms (compile: 1218µs, render: 58ms)
 GET / 200 in 50ms (compile: 1450µs, render: 49ms)
 GET / 200 in 40ms (compile: 2ms, render: 38ms)
 GET / 200 in 30ms (compile: 1053µs, render: 29ms)
 GET / 200 in 16ms (compile: 1115µs, render: 15ms)
 GET / 200 in 54ms (compile: 11ms, render: 43ms)
 GET / 200 in 154ms (compile: 83ms, render: 71ms)
 GET / 200 in 55ms (compile: 999µs, render: 54ms)
 GET / 200 in 75ms (compile: 1007µs, render: 74ms)
 GET / 200 in 96ms (compile: 980µs, render: 95ms)
✓ Compiled in 0ms
 GET / 200 in 181ms (compile: 1780µs, render: 179ms)
 GET / 200 in 178ms (compile: 11ms, render: 168ms)
 GET / 200 in 152ms (compile: 6ms, render: 147ms)
 GET / 200 in 146ms (compile: 24ms, render: 123ms)
 GET / 200 in 96ms (compile: 3ms, render: 93ms)
 GET / 200 in 76ms (compile: 1299µs, render: 74ms)
 GET / 200 in 87ms (compile: 1308µs, render: 86ms)
 GET / 200 in 89ms (compile: 1868µs, render: 87ms)
 GET / 200 in 96ms (compile: 1171µs, render: 95ms)
 GET / 200 in 103ms (compile: 1241µs, render: 102ms)
 GET / 200 in 133ms (compile: 2ms, render: 131ms)
 GET / 200 in 141ms (compile: 1520µs, render: 139ms)
 GET / 200 in 138ms (compile: 1916µs, render: 136ms)
 GET / 200 in 130ms (compile: 1370µs, render: 128ms)
 GET / 200 in 122ms (compile: 13ms, render: 109ms)
 GET / 200 in 94ms (compile: 3ms, render: 91ms)
 GET / 200 in 106ms (compile: 4ms, render: 103ms)
 GET / 200 in 97ms (compile: 1276µs, render: 96ms)
 GET / 200 in 96ms (compile: 1472µs, render: 95ms)
 GET / 200 in 95ms (compile: 2ms, render: 92ms)
 GET / 200 in 85ms (compile: 4ms, render: 81ms)
 GET / 200 in 71ms (compile: 1414µs, render: 70ms)
 GET / 200 in 70ms (compile: 2ms, render: 68ms)
 GET / 200 in 60ms (compile: 1320µs, render: 59ms)
 GET / 200 in 75ms (compile: 1582µs, render: 73ms)
 GET / 200 in 63ms (compile: 1161µs, render: 62ms)
 GET / 200 in 54ms (compile: 1107µs, render: 53ms)
 GET / 200 in 58ms (compile: 1155µs, render: 57ms)
 GET / 200 in 58ms (compile: 1797µs, render: 57ms)
 GET / 200 in 55ms (compile: 1641µs, render: 53ms)
 GET / 200 in 71ms (compile: 1700µs, render: 69ms)
 GET / 200 in 57ms (compile: 1204µs, render: 55ms)
 GET / 200 in 61ms (compile: 1120µs, render: 60ms)
 GET / 200 in 62ms (compile: 1167µs, render: 61ms)
 GET / 200 in 69ms (compile: 1196µs, render: 68ms)
 GET / 200 in 61ms (compile: 1645µs, render: 59ms)
 GET / 200 in 71ms (compile: 1887µs, render: 69ms)
 GET / 200 in 58ms (compile: 1645µs, render: 56ms)
 GET / 200 in 56ms (compile: 1714µs, render: 54ms)
 GET / 200 in 68ms (compile: 885µs, render: 67ms)
 GET / 200 in 58ms (compile: 3ms, render: 56ms)
 GET / 200 in 45ms (compile: 1093µs, render: 44ms)
 GET / 200 in 35ms (compile: 2ms, render: 33ms)
 GET / 200 in 25ms (compile: 1894µs, render: 23ms)
 GET / 200 in 33ms (compile: 1014µs, render: 32ms)
 GET / 200 in 57ms (compile: 976µs, render: 56ms)
 GET / 200 in 48ms (compile: 886µs, render: 47ms)
 GET / 200 in 38ms (compile: 939µs, render: 37ms)
 GET / 200 in 29ms (compile: 948µs, render: 28ms)
 GET / 200 in 21ms (compile: 907µs, render: 20ms)
 GET / 200 in 11ms (compile: 999µs, render: 10ms)
 GET / 200 in 60ms (compile: 1036µs, render: 59ms)
 GET / 200 in 60ms (compile: 884µs, render: 59ms)
 GET / 200 in 48ms (compile: 968µs, render: 47ms)
 GET / 200 in 39ms (compile: 871µs, render: 38ms)
 GET / 200 in 29ms (compile: 919µs, render: 28ms)
 GET / 200 in 33ms (compile: 848µs, render: 32ms)
 GET / 200 in 35ms (compile: 1046µs, render: 34ms)
 GET / 200 in 73ms (compile: 1470µs, render: 71ms)
 GET / 200 in 63ms (compile: 1617µs, render: 62ms)
 GET / 200 in 61ms (compile: 1496µs, render: 60ms)
 GET / 200 in 61ms (compile: 1147µs, render: 60ms)
 GET / 200 in 51ms (compile: 1071µs, render: 50ms)
 GET / 200 in 42ms (compile: 1036µs, render: 40ms)
 GET / 200 in 31ms (compile: 1691µs, render: 29ms)
 GET / 200 in 21ms (compile: 1711µs, render: 19ms)
 GET / 200 in 11ms (compile: 1065µs, render: 10ms)
 GET / 200 in 56ms (compile: 1016µs, render: 55ms)
 GET / 200 in 47ms (compile: 895µs, render: 46ms)
 GET / 200 in 38ms (compile: 890µs, render: 37ms)
 GET / 200 in 30ms (compile: 899µs, render: 29ms)
 GET / 200 in 23ms (compile: 873µs, render: 22ms)
 GET / 200 in 16ms (compile: 1147µs, render: 15ms)
 GET / 200 in 54ms (compile: 3ms, render: 52ms)
 GET / 200 in 52ms (compile: 937µs, render: 51ms)
 GET / 200 in 52ms (compile: 1029µs, render: 51ms)
 GET / 200 in 61ms (compile: 980µs, render: 60ms)
 GET / 200 in 54ms (compile: 6ms, render: 48ms)
 GET / 200 in 51ms (compile: 852µs, render: 50ms)
 GET / 200 in 60ms (compile: 921µs, render: 59ms)
 GET / 200 in 50ms (compile: 1017µs, render: 49ms)
 GET / 200 in 42ms (compile: 1107µs, render: 41ms)
 GET / 200 in 32ms (compile: 1487µs, render: 30ms)
 GET / 200 in 21ms (compile: 1147µs, render: 19ms)
 GET / 200 in 12ms (compile: 1382µs, render: 10ms)
 GET / 200 in 60ms (compile: 974µs, render: 59ms)
 GET / 200 in 66ms (compile: 943µs, render: 65ms)
 GET / 200 in 59ms (compile: 880µs, render: 58ms)
 GET / 200 in 71ms (compile: 1138µs, render: 70ms)
 GET / 200 in 61ms (compile: 1100µs, render: 60ms)
 GET / 200 in 52ms (compile: 1136µs, render: 50ms)
 GET / 200 in 41ms (compile: 998µs, render: 40ms)
 GET / 200 in 26ms (compile: 1541µs, render: 25ms)
 GET / 200 in 23ms (compile: 1042µs, render: 22ms)
 GET / 200 in 57ms (compile: 2ms, render: 55ms)
 GET / 200 in 47ms (compile: 987µs, render: 46ms)
 GET / 200 in 37ms (compile: 967µs, render: 37ms)
 GET / 200 in 30ms (compile: 919µs, render: 29ms)
 GET / 200 in 40ms (compile: 1012µs, render: 39ms)
 GET / 200 in 48ms (compile: 851µs, render: 47ms)
 GET / 200 in 71ms (compile: 1770µs, render: 69ms)
 GET / 200 in 61ms (compile: 1111µs, render: 60ms)
 GET / 200 in 51ms (compile: 1033µs, render: 50ms)
 GET / 200 in 34ms (compile: 1081µs, render: 33ms)
 GET / 200 in 24ms (compile: 1180µs, render: 23ms)
 GET / 200 in 13ms (compile: 1557µs, render: 11ms)
 GET / 200 in 116ms (compile: 1294µs, render: 115ms)
 GET / 200 in 119ms (compile: 1248µs, render: 118ms)
 GET / 200 in 105ms (compile: 1519µs, render: 103ms)
 GET / 200 in 114ms (compile: 1558µs, render: 113ms)
 GET / 200 in 115ms (compile: 1292µs, render: 113ms)
 GET / 200 in 67ms (compile: 1244µs, render: 66ms)
 GET / 200 in 66ms (compile: 801µs, render: 65ms)
 GET / 200 in 56ms (compile: 1606µs, render: 54ms)
 GET / 200 in 64ms (compile: 1302µs, render: 62ms)
 GET / 200 in 63ms (compile: 1162µs, render: 62ms)
 GET / 200 in 61ms (compile: 923µs, render: 60ms)
 GET / 200 in 61ms (compile: 1072µs, render: 60ms)
 GET / 200 in 53ms (compile: 1431µs, render: 51ms)
 GET / 200 in 63ms (compile: 1122µs, render: 62ms)
 GET / 200 in 65ms (compile: 1644µs, render: 63ms)
 GET / 200 in 55ms (compile: 978µs, render: 54ms)
 GET / 200 in 45ms (compile: 1124µs, render: 44ms)
 GET / 200 in 35ms (compile: 2ms, render: 33ms)
 GET / 200 in 38ms (compile: 1129µs, render: 37ms)
 GET / 200 in 39ms (compile: 1563µs, render: 38ms)
 GET / 200 in 79ms (compile: 1392µs, render: 78ms)
 GET / 200 in 68ms (compile: 1105µs, render: 67ms)
 GET / 200 in 76ms (compile: 1334µs, render: 75ms)
 GET / 200 in 60ms (compile: 1257µs, render: 58ms)
 GET / 200 in 68ms (compile: 1279µs, render: 66ms)
 GET / 200 in 59ms (compile: 1019µs, render: 58ms)
 GET / 200 in 70ms (compile: 993µs, render: 69ms)
 GET / 200 in 59ms (compile: 1854µs, render: 57ms)
 GET / 200 in 47ms (compile: 1299µs, render: 46ms)
 GET / 200 in 48ms (compile: 1174µs, render: 47ms)
 GET / 200 in 60ms (compile: 1139µs, render: 59ms)
 GET / 200 in 64ms (compile: 1095µs, render: 62ms)
 GET / 200 in 99ms (compile: 1738µs, render: 98ms)
 GET / 200 in 112ms (compile: 3ms, render: 109ms)
 GET / 200 in 103ms (compile: 1182µs, render: 102ms)
 GET / 200 in 109ms (compile: 1425µs, render: 108ms)
 GET / 200 in 117ms (compile: 1511µs, render: 116ms)
 GET / 200 in 119ms (compile: 2ms, render: 117ms)
 GET / 200 in 116ms (compile: 4ms, render: 112ms)
 GET / 200 in 132ms (compile: 2ms, render: 130ms)
 GET / 200 in 133ms (compile: 2ms, render: 130ms)
 GET / 200 in 132ms (compile: 1984µs, render: 130ms)
 GET / 200 in 116ms (compile: 1838µs, render: 115ms)
 GET / 200 in 135ms (compile: 1434µs, render: 134ms)
 GET / 200 in 136ms (compile: 3ms, render: 133ms)
 GET / 200 in 109ms (compile: 3ms, render: 106ms)
 GET / 200 in 107ms (compile: 1841µs, render: 105ms)
 GET / 200 in 111ms (compile: 4ms, render: 107ms)
 GET / 200 in 103ms (compile: 3ms, render: 100ms)
 GET / 200 in 120ms (compile: 1864µs, render: 118ms)
 GET / 200 in 106ms (compile: 2ms, render: 104ms)
 GET / 200 in 102ms (compile: 1829µs, render: 100ms)
 GET / 200 in 97ms (compile: 3ms, render: 94ms)
 GET / 200 in 75ms (compile: 11ms, render: 64ms)
 GET / 200 in 45ms (compile: 2ms, render: 42ms)
 GET / 200 in 32ms (compile: 1834µs, render: 30ms)
 GET / 200 in 24ms (compile: 2ms, render: 22ms)
 GET / 200 in 209ms (compile: 96ms, render: 113ms)
 GET / 200 in 57ms (compile: 23ms, render: 34ms)
 GET / 200 in 108ms (compile: 63ms, render: 44ms)
 GET / 200 in 12ms (compile: 1195µs, render: 11ms)
 GET / 200 in 176ms (compile: 1282µs, render: 175ms)
 GET / 200 in 239ms (compile: 1096µs, render: 238ms)
 GET / 200 in 194ms (compile: 23ms, render: 171ms)
 GET / 200 in 149ms (compile: 1933µs, render: 147ms)
 GET / 200 in 120ms (compile: 3ms, render: 116ms)
 GET / 200 in 96ms (compile: 4ms, render: 92ms)
 GET / 200 in 16ms (compile: 1814µs, render: 14ms)
 GET / 200 in 40ms (compile: 997µs, render: 39ms)
 GET / 200 in 30ms (compile: 1988µs, render: 28ms)
 GET / 200 in 20ms (compile: 962µs, render: 19ms)
 GET / 200 in 12ms (compile: 934µs, render: 11ms)
 GET / 200 in 48ms (compile: 1830µs, render: 46ms)
 GET / 200 in 38ms (compile: 931µs, render: 37ms)
 GET / 200 in 29ms (compile: 926µs, render: 28ms)
 GET / 200 in 21ms (compile: 907µs, render: 20ms)
 GET / 200 in 13ms (compile: 913µs, render: 12ms)
 GET / 200 in 38ms (compile: 1068µs, render: 37ms)
 GET / 200 in 30ms (compile: 895µs, render: 29ms)
 GET / 200 in 20ms (compile: 943µs, render: 19ms)
 GET / 200 in 12ms (compile: 1017µs, render: 11ms)
 GET / 200 in 53ms (compile: 1092µs, render: 52ms)
 GET / 200 in 44ms (compile: 901µs, render: 43ms)
 GET / 200 in 35ms (compile: 927µs, render: 34ms)
 GET / 200 in 40ms (compile: 1004µs, render: 39ms)
 GET / 200 in 36ms (compile: 1026µs, render: 35ms)
 GET / 200 in 33ms (compile: 1618µs, render: 32ms)
 GET / 200 in 22ms (compile: 1033µs, render: 21ms)
 GET / 200 in 12ms (compile: 1149µs, render: 11ms)
 GET / 200 in 37ms (compile: 965µs, render: 36ms)
 GET / 200 in 29ms (compile: 974µs, render: 28ms)
 GET / 200 in 28ms (compile: 1012µs, render: 27ms)
 GET / 200 in 61ms (compile: 1639µs, render: 59ms)
 GET / 200 in 47ms (compile: 1265µs, render: 45ms)
 GET / 200 in 30ms (compile: 3ms, render: 27ms)
 GET / 200 in 39ms (compile: 1223µs, render: 37ms)
 GET / 200 in 72ms (compile: 2ms, render: 70ms)
 GET / 200 in 68ms (compile: 1748µs, render: 67ms)
 GET / 200 in 68ms (compile: 3ms, render: 65ms)
 GET / 200 in 76ms (compile: 1010µs, render: 75ms)
 GET / 200 in 61ms (compile: 1015µs, render: 60ms)
 GET / 200 in 61ms (compile: 1023µs, render: 60ms)
 GET / 200 in 62ms (compile: 1724µs, render: 60ms)
 GET / 200 in 63ms (compile: 1285µs, render: 62ms)
 GET / 200 in 62ms (compile: 977µs, render: 61ms)
 GET / 200 in 61ms (compile: 1502µs, render: 60ms)
 GET / 200 in 52ms (compile: 1374µs, render: 51ms)
 GET / 200 in 52ms (compile: 1594µs, render: 50ms)
 GET / 200 in 52ms (compile: 963µs, render: 51ms)
 GET / 200 in 52ms (compile: 977µs, render: 51ms)
 GET / 200 in 53ms (compile: 1178µs, render: 51ms)
 GET / 200 in 69ms (compile: 1033µs, render: 68ms)
 GET / 200 in 69ms (compile: 1027µs, render: 68ms)
 GET / 200 in 61ms (compile: 1008µs, render: 60ms)
 GET / 200 in 61ms (compile: 1106µs, render: 60ms)
 GET / 200 in 61ms (compile: 1683µs, render: 59ms)
 GET / 200 in 55ms (compile: 1316µs, render: 54ms)
 GET / 200 in 50ms (compile: 1030µs, render: 49ms)
 GET / 200 in 39ms (compile: 1022µs, render: 38ms)
 GET / 200 in 29ms (compile: 1187µs, render: 28ms)
 GET / 200 in 20ms (compile: 1036µs, render: 19ms)
 GET / 200 in 11ms (compile: 1557µs, render: 9ms)
 GET / 200 in 45ms (compile: 1008µs, render: 44ms)
 GET / 200 in 36ms (compile: 922µs, render: 35ms)
 GET / 200 in 28ms (compile: 954µs, render: 27ms)
 GET / 200 in 31ms (compile: 1004µs, render: 30ms)
 GET / 200 in 23ms (compile: 972µs, render: 22ms)
 GET / 200 in 64ms (compile: 1101µs, render: 63ms)
 GET / 200 in 63ms (compile: 1360µs, render: 62ms)
 GET / 200 in 54ms (compile: 978µs, render: 53ms)
 GET / 200 in 45ms (compile: 965µs, render: 44ms)
 GET / 200 in 30ms (compile: 967µs, render: 29ms)
 GET / 200 in 21ms (compile: 1044µs, render: 20ms)
 GET / 200 in 12ms (compile: 970µs, render: 11ms)
 GET / 200 in 37ms (compile: 958µs, render: 36ms)
 GET / 200 in 28ms (compile: 878µs, render: 27ms)
 GET / 200 in 20ms (compile: 919µs, render: 19ms)
 GET / 200 in 13ms (compile: 979µs, render: 12ms)
 GET / 200 in 21ms (compile: 1639µs, render: 19ms)
 GET / 200 in 24ms (compile: 1402µs, render: 23ms)
 GET / 200 in 23ms (compile: 982µs, render: 22ms)
 GET / 200 in 12ms (compile: 2ms, render: 10ms)
 GET / 200 in 70ms (compile: 1041µs, render: 69ms)
 GET / 200 in 53ms (compile: 887µs, render: 52ms)
 GET / 200 in 44ms (compile: 972µs, render: 43ms)
 GET / 200 in 35ms (compile: 1061µs, render: 34ms)
 GET / 200 in 26ms (compile: 1128µs, render: 25ms)
 GET / 200 in 11ms (compile: 1026µs, render: 10ms)
 GET / 200 in 61ms (compile: 1131µs, render: 60ms)
 GET / 200 in 61ms (compile: 1939µs, render: 59ms)
 GET / 200 in 60ms (compile: 1072µs, render: 59ms)
 GET / 200 in 52ms (compile: 979µs, render: 51ms)
 GET / 200 in 61ms (compile: 1016µs, render: 60ms)
 GET / 200 in 61ms (compile: 1020µs, render: 60ms)
 GET / 200 in 51ms (compile: 1001µs, render: 50ms)
 GET / 200 in 41ms (compile: 1062µs, render: 40ms)
 GET / 200 in 31ms (compile: 1554µs, render: 29ms)
 GET / 200 in 32ms (compile: 1159µs, render: 30ms)
 GET / 200 in 32ms (compile: 1041µs, render: 31ms)
 GET / 200 in 44ms (compile: 1206µs, render: 43ms)
 GET / 200 in 35ms (compile: 1317µs, render: 33ms)
 GET / 200 in 26ms (compile: 1391µs, render: 24ms)
 GET / 200 in 10ms (compile: 993µs, render: 9ms)
 GET / 200 in 37ms (compile: 1023µs, render: 36ms)
 GET / 200 in 28ms (compile: 885µs, render: 27ms)
 GET / 200 in 19ms (compile: 899µs, render: 19ms)
 GET / 200 in 13ms (compile: 1080µs, render: 11ms)
 GET / 200 in 60ms (compile: 2ms, render: 58ms)
 GET / 200 in 59ms (compile: 1056µs, render: 58ms)
 GET / 200 in 58ms (compile: 1202µs, render: 57ms)
 GET / 200 in 51ms (compile: 994µs, render: 50ms)
 GET / 200 in 59ms (compile: 989µs, render: 58ms)
 GET / 200 in 52ms (compile: 1272µs, render: 51ms)
 GET / 200 in 57ms (compile: 968µs, render: 56ms)
 GET / 200 in 70ms (compile: 1086µs, render: 69ms)
 GET / 200 in 70ms (compile: 1422µs, render: 69ms)
 GET / 200 in 70ms (compile: 1057µs, render: 69ms)
 GET / 200 in 70ms (compile: 1563µs, render: 69ms)
 GET / 200 in 57ms (compile: 1874µs, render: 55ms)
 GET / 200 in 62ms (compile: 1127µs, render: 61ms)
 GET / 200 in 61ms (compile: 1162µs, render: 60ms)
 GET / 200 in 51ms (compile: 1101µs, render: 50ms)
 GET / 200 in 41ms (compile: 913µs, render: 40ms)
 GET / 200 in 30ms (compile: 1063µs, render: 29ms)
 GET / 200 in 21ms (compile: 1010µs, render: 20ms)
 GET / 200 in 11ms (compile: 1009µs, render: 10ms)
 GET / 200 in 19ms (compile: 1297µs, render: 18ms)
 GET / 200 in 20ms (compile: 1078µs, render: 19ms)
 GET / 200 in 39ms (compile: 900µs, render: 38ms)
 GET / 200 in 43ms (compile: 1032µs, render: 42ms)
 GET / 200 in 53ms (compile: 887µs, render: 52ms)
 GET / 200 in 44ms (compile: 1130µs, render: 43ms)
 GET / 200 in 35ms (compile: 1572µs, render: 34ms)
 GET / 200 in 20ms (compile: 1297µs, render: 19ms)
 GET / 200 in 10ms (compile: 973µs, render: 9ms)
 GET / 200 in 36ms (compile: 1312µs, render: 34ms)
 GET / 200 in 24ms (compile: 896µs, render: 23ms)
 GET / 200 in 15ms (compile: 957µs, render: 14ms)
 GET / 200 in 7ms (compile: 915µs, render: 6ms)
 GET / 200 in 40ms (compile: 1085µs, render: 39ms)
 GET / 200 in 34ms (compile: 903µs, render: 33ms)
 GET / 200 in 28ms (compile: 1063µs, render: 27ms)
 GET / 200 in 22ms (compile: 991µs, render: 21ms)
 GET / 200 in 15ms (compile: 991µs, render: 14ms)
 GET / 200 in 8ms (compile: 1073µs, render: 7ms)
 GET / 200 in 35ms (compile: 1459µs, render: 34ms)
 GET / 200 in 28ms (compile: 882µs, render: 28ms)
 GET / 200 in 23ms (compile: 928µs, render: 22ms)
 GET / 200 in 16ms (compile: 982µs, render: 15ms)
 GET / 200 in 10ms (compile: 1018µs, render: 9ms)
 GET / 200 in 34ms (compile: 1037µs, render: 33ms)
 GET / 200 in 25ms (compile: 940µs, render: 24ms)
 GET / 200 in 30ms (compile: 944µs, render: 29ms)
 GET / 200 in 29ms (compile: 1091µs, render: 28ms)
 GET / 200 in 20ms (compile: 934µs, render: 19ms)
 GET / 200 in 20ms (compile: 912µs, render: 19ms)
 GET / 200 in 29ms (compile: 928µs, render: 28ms)
 GET / 200 in 30ms (compile: 875µs, render: 29ms)
 GET / 200 in 31ms (compile: 930µs, render: 30ms)
 GET / 200 in 40ms (compile: 1081µs, render: 39ms)
 GET / 200 in 30ms (compile: 1707µs, render: 28ms)
 GET / 200 in 20ms (compile: 1562µs, render: 19ms)
 GET / 200 in 22ms (compile: 981µs, render: 21ms)
 GET / 200 in 68ms (compile: 1413µs, render: 66ms)
 GET / 200 in 73ms (compile: 2ms, render: 71ms)
 GET / 200 in 65ms (compile: 998µs, render: 64ms)
 GET / 200 in 86ms (compile: 1053µs, render: 85ms)
 GET / 200 in 89ms (compile: 7ms, render: 82ms)
 GET / 200 in 85ms (compile: 987µs, render: 84ms)
 GET / 200 in 88ms (compile: 2ms, render: 85ms)
 GET / 200 in 82ms (compile: 3ms, render: 79ms)
 GET / 200 in 67ms (compile: 1444µs, render: 65ms)
 GET / 200 in 60ms (compile: 1030µs, render: 59ms)
 GET / 200 in 61ms (compile: 1257µs, render: 60ms)
 GET / 200 in 59ms (compile: 2ms, render: 57ms)
 GET / 200 in 64ms (compile: 1221µs, render: 63ms)
 GET / 200 in 65ms (compile: 1602µs, render: 63ms)
 GET / 200 in 74ms (compile: 1900µs, render: 72ms)
 GET / 200 in 66ms (compile: 2ms, render: 64ms)
 GET / 200 in 78ms (compile: 1682µs, render: 76ms)
 GET / 200 in 78ms (compile: 1010µs, render: 77ms)
 GET / 200 in 88ms (compile: 1111µs, render: 87ms)
 GET / 200 in 78ms (compile: 1396µs, render: 76ms)
 GET / 200 in 64ms (compile: 1720µs, render: 62ms)
 GET / 200 in 52ms (compile: 986µs, render: 51ms)
 GET / 200 in 43ms (compile: 1549µs, render: 41ms)
 GET / 200 in 32ms (compile: 1215µs, render: 31ms)
 GET / 200 in 21ms (compile: 1553µs, render: 19ms)
 GET / 200 in 11ms (compile: 1203µs, render: 10ms)
 GET / 200 in 39ms (compile: 2ms, render: 37ms)
 GET / 200 in 29ms (compile: 992µs, render: 28ms)
 GET / 200 in 30ms (compile: 1015µs, render: 29ms)
 GET / 200 in 31ms (compile: 1028µs, render: 30ms)
 GET / 200 in 31ms (compile: 828µs, render: 30ms)
 GET / 200 in 31ms (compile: 946µs, render: 30ms)
 GET / 200 in 38ms (compile: 912µs, render: 37ms)
 GET / 200 in 169ms (compile: 1245µs, render: 168ms)
 GET / 200 in 158ms (compile: 993µs, render: 157ms)
 GET / 200 in 142ms (compile: 1195µs, render: 140ms)
 GET / 200 in 121ms (compile: 1431µs, render: 120ms)
 GET / 200 in 108ms (compile: 3ms, render: 105ms)
 GET / 200 in 14ms (compile: 905µs, render: 13ms)
 GET / 200 in 41ms (compile: 1686µs, render: 39ms)
 GET / 200 in 30ms (compile: 1141µs, render: 29ms)
 GET / 200 in 31ms (compile: 940µs, render: 30ms)
 GET / 200 in 49ms (compile: 1075µs, render: 47ms)
 GET / 200 in 39ms (compile: 1009µs, render: 38ms)
 GET / 200 in 29ms (compile: 1532µs, render: 28ms)
 GET / 200 in 19ms (compile: 1187µs, render: 18ms)
 GET / 200 in 10ms (compile: 959µs, render: 9ms)
 GET / 200 in 28ms (compile: 1522µs, render: 26ms)
 GET / 200 in 19ms (compile: 1286µs, render: 17ms)
 GET / 200 in 10ms (compile: 884µs, render: 9ms)
 GET / 200 in 37ms (compile: 1902µs, render: 35ms)
 GET / 200 in 38ms (compile: 861µs, render: 38ms)
 GET / 200 in 47ms (compile: 929µs, render: 46ms)
 GET / 200 in 39ms (compile: 903µs, render: 38ms)
 GET / 200 in 69ms (compile: 1164µs, render: 68ms)
 GET / 200 in 68ms (compile: 1119µs, render: 67ms)
 GET / 200 in 61ms (compile: 1448µs, render: 60ms)
 GET / 200 in 62ms (compile: 1699µs, render: 61ms)
 GET / 200 in 54ms (compile: 1020µs, render: 53ms)
 GET / 200 in 54ms (compile: 975µs, render: 53ms)
 GET / 200 in 63ms (compile: 1785µs, render: 61ms)
 GET / 200 in 61ms (compile: 1016µs, render: 60ms)
 GET / 200 in 52ms (compile: 1485µs, render: 50ms)
 GET / 200 in 41ms (compile: 1399µs, render: 40ms)
 GET / 200 in 33ms (compile: 1139µs, render: 32ms)
 GET / 200 in 33ms (compile: 1072µs, render: 32ms)
 GET / 200 in 33ms (compile: 936µs, render: 32ms)
 GET / 200 in 56ms (compile: 1800µs, render: 55ms)
 GET / 200 in 56ms (compile: 962µs, render: 55ms)
 GET / 200 in 55ms (compile: 982µs, render: 54ms)
 GET / 200 in 64ms (compile: 869µs, render: 64ms)
 GET / 200 in 48ms (compile: 1060µs, render: 47ms)
 GET / 200 in 39ms (compile: 870µs, render: 38ms)
 GET / 200 in 29ms (compile: 998µs, render: 28ms)
 GET / 200 in 20ms (compile: 850µs, render: 19ms)
 GET / 200 in 10ms (compile: 885µs, render: 9ms)
 GET / 200 in 47ms (compile: 1400µs, render: 45ms)
 GET / 200 in 55ms (compile: 854µs, render: 55ms)
 GET / 200 in 46ms (compile: 902µs, render: 45ms)
 GET / 200 in 40ms (compile: 837µs, render: 39ms)
 GET / 200 in 40ms (compile: 997µs, render: 39ms)
 GET / 200 in 41ms (compile: 857µs, render: 40ms)
 GET / 200 in 32ms (compile: 918µs, render: 31ms)
 GET / 200 in 63ms (compile: 1859µs, render: 61ms)
 GET / 200 in 65ms (compile: 997µs, render: 64ms)
 GET / 200 in 77ms (compile: 971µs, render: 76ms)
 GET / 200 in 79ms (compile: 1326µs, render: 78ms)
 GET / 200 in 66ms (compile: 1411µs, render: 64ms)
 GET / 200 in 64ms (compile: 4ms, render: 60ms)
 GET / 200 in 60ms (compile: 1877µs, render: 58ms)
 GET / 200 in 58ms (compile: 1023µs, render: 57ms)
 GET / 200 in 64ms (compile: 1203µs, render: 63ms)
 GET / 200 in 62ms (compile: 3ms, render: 59ms)
 GET / 200 in 51ms (compile: 1586µs, render: 49ms)
 GET / 200 in 41ms (compile: 1095µs, render: 40ms)
 GET / 200 in 32ms (compile: 1577µs, render: 31ms)
 GET / 200 in 23ms (compile: 904µs, render: 22ms)
 GET / 200 in 12ms (compile: 1414µs, render: 10ms)
 GET / 200 in 60ms (compile: 1484µs, render: 58ms)
 GET / 200 in 67ms (compile: 910µs, render: 66ms)
 GET / 200 in 58ms (compile: 901µs, render: 57ms)
 GET / 200 in 49ms (compile: 1036µs, render: 48ms)
 GET / 200 in 34ms (compile: 971µs, render: 33ms)
 GET / 200 in 20ms (compile: 893µs, render: 19ms)
 GET / 200 in 13ms (compile: 914µs, render: 12ms)
 GET / 200 in 67ms (compile: 2ms, render: 65ms)
 GET / 200 in 70ms (compile: 981µs, render: 69ms)
 GET / 200 in 62ms (compile: 966µs, render: 61ms)
 GET / 200 in 65ms (compile: 985µs, render: 64ms)
 GET / 200 in 66ms (compile: 1389µs, render: 65ms)
 GET / 200 in 65ms (compile: 1208µs, render: 64ms)
 GET / 200 in 73ms (compile: 1852µs, render: 71ms)
 GET / 200 in 80ms (compile: 3ms, render: 77ms)
 GET / 200 in 79ms (compile: 2ms, render: 77ms)
 GET / 200 in 69ms (compile: 2ms, render: 67ms)
 GET / 200 in 85ms (compile: 1173µs, render: 84ms)
 GET / 200 in 77ms (compile: 1536µs, render: 76ms)
 GET / 200 in 87ms (compile: 1178µs, render: 86ms)
 GET / 200 in 78ms (compile: 1133µs, render: 76ms)
 GET / 200 in 77ms (compile: 1751µs, render: 75ms)
 GET / 200 in 65ms (compile: 1897µs, render: 63ms)
 GET / 200 in 66ms (compile: 2ms, render: 64ms)
 GET / 200 in 65ms (compile: 1512µs, render: 64ms)
 GET / 200 in 64ms (compile: 1033µs, render: 63ms)
 GET / 200 in 64ms (compile: 998µs, render: 63ms)
 GET / 200 in 55ms (compile: 1540µs, render: 53ms)
 GET / 200 in 54ms (compile: 953µs, render: 53ms)
 GET / 200 in 46ms (compile: 1314µs, render: 44ms)
 GET / 200 in 60ms (compile: 1063µs, render: 59ms)
 GET / 200 in 59ms (compile: 1198µs, render: 58ms)
 GET / 200 in 59ms (compile: 2ms, render: 57ms)
 GET / 200 in 67ms (compile: 1536µs, render: 65ms)
 GET / 200 in 59ms (compile: 1060µs, render: 57ms)
 GET / 200 in 61ms (compile: 910µs, render: 61ms)
 GET / 200 in 52ms (compile: 1265µs, render: 51ms)
 GET / 200 in 42ms (compile: 1661µs, render: 41ms)
 GET / 200 in 33ms (compile: 1040µs, render: 32ms)
 GET / 200 in 22ms (compile: 1621µs, render: 20ms)
 GET / 200 in 12ms (compile: 1250µs, render: 11ms)
 GET / 200 in 56ms (compile: 1514µs, render: 54ms)
 GET / 200 in 46ms (compile: 908µs, render: 45ms)
 GET / 200 in 38ms (compile: 903µs, render: 37ms)
 GET / 200 in 31ms (compile: 999µs, render: 30ms)
 GET / 200 in 31ms (compile: 1095µs, render: 30ms)
 GET / 200 in 32ms (compile: 907µs, render: 31ms)
 GET / 200 in 57ms (compile: 1727µs, render: 55ms)
 GET / 200 in 47ms (compile: 1081µs, render: 45ms)
 GET / 200 in 38ms (compile: 1145µs, render: 37ms)
 GET / 200 in 15ms (compile: 1034µs, render: 14ms)
 GET / 200 in 29ms (compile: 975µs, render: 28ms)
 GET / 200 in 7ms (compile: 868µs, render: 7ms)
 GET / 200 in 39ms (compile: 1308µs, render: 37ms)
 GET / 200 in 41ms (compile: 947µs, render: 40ms)
 GET / 200 in 44ms (compile: 939µs, render: 43ms)
 GET / 200 in 57ms (compile: 920µs, render: 56ms)
 GET / 200 in 50ms (compile: 878µs, render: 49ms)
 GET / 200 in 51ms (compile: 850µs, render: 50ms)
 GET / 200 in 52ms (compile: 1691µs, render: 50ms)
 GET / 200 in 53ms (compile: 947µs, render: 52ms)
 GET / 200 in 55ms (compile: 914µs, render: 54ms)
 GET / 200 in 71ms (compile: 1101µs, render: 70ms)
 GET / 200 in 63ms (compile: 1756µs, render: 61ms)
 GET / 200 in 73ms (compile: 850µs, render: 72ms)
 GET / 200 in 64ms (compile: 2ms, render: 62ms)
 GET / 200 in 63ms (compile: 1944µs, render: 61ms)
 GET / 200 in 60ms (compile: 1395µs, render: 59ms)
 GET / 200 in 62ms (compile: 1736µs, render: 61ms)
 GET / 200 in 53ms (compile: 1300µs, render: 52ms)
 GET / 200 in 63ms (compile: 1626µs, render: 62ms)
 GET / 200 in 54ms (compile: 1111µs, render: 53ms)
 GET / 200 in 55ms (compile: 1586µs, render: 53ms)
 GET / 200 in 64ms (compile: 979µs, render: 63ms)
 GET / 200 in 64ms (compile: 3ms, render: 62ms)
 GET / 200 in 65ms (compile: 1574µs, render: 63ms)
 GET / 200 in 55ms (compile: 1676µs, render: 53ms)
 GET / 200 in 64ms (compile: 2ms, render: 62ms)
 GET / 200 in 60ms (compile: 972µs, render: 59ms)
 GET / 200 in 65ms (compile: 1202µs, render: 64ms)
 GET / 200 in 73ms (compile: 1934µs, render: 71ms)
 GET / 200 in 62ms (compile: 1445µs, render: 61ms)
 GET / 200 in 52ms (compile: 941µs, render: 51ms)
 GET / 200 in 55ms (compile: 1090µs, render: 54ms)
 GET / 200 in 41ms (compile: 876µs, render: 40ms)
 GET / 200 in 32ms (compile: 933µs, render: 31ms)
 GET / 200 in 23ms (compile: 1006µs, render: 22ms)
 GET / 200 in 15ms (compile: 1453µs, render: 13ms)
✓ Compiled in 87ms
 GET / 200 in 240ms (compile: 49ms, render: 191ms)
 GET / 200 in 43ms (compile: 14ms, render: 29ms)
 GET /auth/login 200 in 158ms (compile: 117ms, render: 41ms)
 GET / 200 in 11ms (compile: 2ms, render: 8ms)
 GET / 200 in 88ms (compile: 1281µs, render: 86ms)
 GET / 200 in 29ms (compile: 7ms, render: 22ms)
 GET / 200 in 10ms (compile: 1221µs, render: 9ms)
 GET / 200 in 8ms (compile: 1225µs, render: 7ms)
 GET / 200 in 37ms (compile: 30ms, render: 6ms)
 GET / 200 in 14ms (compile: 4ms, render: 10ms)
✓ Compiled in 127ms
 GET / 200 in 416ms (compile: 170ms, render: 246ms)
 GET / 200 in 179ms (compile: 3ms, render: 177ms)
 GET / 200 in 162ms (compile: 9ms, render: 153ms)
 GET / 200 in 158ms (compile: 1462µs, render: 157ms)
 GET / 200 in 159ms (compile: 1946µs, render: 157ms)
 GET / 200 in 156ms (compile: 2ms, render: 153ms)
 GET / 200 in 155ms (compile: 2ms, render: 153ms)
 GET / 200 in 133ms (compile: 3ms, render: 130ms)
 GET / 200 in 118ms (compile: 3ms, render: 115ms)
 GET / 200 in 94ms (compile: 1463µs, render: 92ms)
 GET / 200 in 129ms (compile: 1629µs, render: 128ms)
 GET / 200 in 151ms (compile: 9ms, render: 143ms)
 GET / 200 in 133ms (compile: 3ms, render: 131ms)
 GET / 200 in 169ms (compile: 2ms, render: 167ms)
 GET / 200 in 164ms (compile: 4ms, render: 159ms)
 GET / 200 in 170ms (compile: 1636µs, render: 169ms)
 GET / 200 in 171ms (compile: 3ms, render: 168ms)
 GET / 200 in 165ms (compile: 4ms, render: 162ms)
 GET / 200 in 186ms (compile: 5ms, render: 180ms)
 GET / 200 in 177ms (compile: 3ms, render: 175ms)
 GET / 200 in 167ms (compile: 7ms, render: 160ms)
 GET / 200 in 143ms (compile: 2ms, render: 141ms)
 GET / 200 in 134ms (compile: 3ms, render: 131ms)
 GET / 200 in 117ms (compile: 33ms, render: 84ms)
 GET / 200 in 85ms (compile: 1727µs, render: 83ms)
 GET / 200 in 77ms (compile: 2ms, render: 75ms)
 GET / 200 in 76ms (compile: 1565µs, render: 75ms)
 GET / 200 in 65ms (compile: 2ms, render: 62ms)
 GET / 200 in 68ms (compile: 1788µs, render: 66ms)
 GET / 200 in 68ms (compile: 1387µs, render: 67ms)
 GET / 200 in 79ms (compile: 1295µs, render: 77ms)
 GET / 200 in 78ms (compile: 1609µs, render: 76ms)
 GET / 200 in 75ms (compile: 1251µs, render: 73ms)
 GET / 200 in 70ms (compile: 1322µs, render: 69ms)
 GET / 200 in 60ms (compile: 1206µs, render: 59ms)
 GET / 200 in 63ms (compile: 1626µs, render: 61ms)
 GET / 200 in 85ms (compile: 1231µs, render: 84ms)
 GET / 200 in 85ms (compile: 1158µs, render: 83ms)
 GET / 200 in 86ms (compile: 1396µs, render: 84ms)
 GET / 200 in 75ms (compile: 2ms, render: 73ms)
 GET / 200 in 64ms (compile: 1795µs, render: 62ms)
 GET / 200 in 40ms (compile: 2ms, render: 38ms)
 GET / 200 in 28ms (compile: 1338µs, render: 27ms)
 GET / 200 in 16ms (compile: 1928µs, render: 14ms)
 GET /logo-preview 200 in 553ms (compile: 448ms, render: 105ms)
✓ Compiled in 193ms
✓ Compiled in 76ms
 GET / 200 in 167ms (compile: 76ms, render: 92ms)
 GET / 200 in 48ms (compile: 1854µs, render: 46ms)
 GET / 200 in 35ms (compile: 1352µs, render: 34ms)
 GET / 200 in 20ms (compile: 1318µs, render: 19ms)
✓ Compiled in 66ms
 GET /logo-preview 200 in 264ms (compile: 73ms, render: 192ms)
 GET /logo-preview 200 in 91ms (compile: 12ms, render: 80ms)
 GET /logo-preview 200 in 110ms (compile: 28ms, render: 82ms)
 GET / 200 in 16ms (compile: 4ms, render: 12ms)
✓ Compiled in 197ms
✓ Compiled in 100ms
 GET /logo-preview 200 in 595ms (compile: 270ms, render: 325ms)
 GET / 200 in 608ms (compile: 92ms, render: 516ms)
 GET /logo-preview 200 in 595ms (compile: 329ms, render: 266ms)
 GET / 200 in 343ms (compile: 1639µs, render: 341ms)
 GET /logo-preview 200 in 333ms (compile: 42ms, render: 291ms)
 GET /logo-preview 200 in 311ms (compile: 44ms, render: 267ms)
 GET / 200 in 236ms (compile: 29ms, render: 207ms)
 GET /logo-preview 200 in 234ms (compile: 7ms, render: 227ms)
 GET /logo-preview 200 in 177ms (compile: 5ms, render: 172ms)
 GET /logo-preview 200 in 147ms (compile: 8ms, render: 139ms)
 GET /logo-preview 200 in 94ms (compile: 62ms, render: 32ms)
 GET / 200 in 97ms (compile: 8ms, render: 89ms)
 GET / 200 in 188ms (compile: 16ms, render: 171ms)
 GET /logo-preview 200 in 692ms (compile: 68ms, render: 625ms)
 GET / 200 in 523ms (compile: 81ms, render: 441ms)
 GET /logo-preview 200 in 511ms (compile: 40ms, render: 471ms)
 GET / 200 in 410ms (compile: 97ms, render: 313ms)
 GET /logo-preview 200 in 599ms (compile: 140ms, render: 459ms)
 GET /logo-preview 200 in 280ms (compile: 5ms, render: 275ms)
 GET / 200 in 73ms (compile: 7ms, render: 66ms)
✓ Compiled in 228ms
⚠ Fast Refresh had to perform a full reload due to a runtime error.
⚠ Fast Refresh had to perform a full reload due to a runtime error.
✓ Compiled in 51ms
 GET / 200 in 2.3s (compile: 364ms, render: 1946ms)
 GET / 200 in 1464ms (compile: 130ms, render: 1334ms)
 GET / 200 in 558ms (compile: 81ms, render: 477ms)
 GET / 200 in 306ms (compile: 11ms, render: 295ms)
 GET /search?from=dharmapuri&to=mysore&fromDate=2026-02-15&toDate=2026-02-21&type=AC 200 in 255ms (compile: 178ms, render: 77ms)
 GET /api/public/search?from=2026-02-15&to=2026-02-21 404 in 839ms (compile: 506ms, render: 333ms)
 GET /api/public/search?from=2026-02-15&to=2026-02-21 404 in 199ms (compile: 19ms, render: 181ms)
 GET /auth/login 200 in 182ms (compile: 87ms, render: 95ms)
 GET /auth/login 200 in 18ms (compile: 3ms, render: 14ms)
 GET /dashboard 200 in 274ms (compile: 175ms, render: 98ms)
 GET /fleet 200 in 661ms (compile: 621ms, render: 40ms)
 GET /fleet/availability 200 in 234ms (compile: 192ms, render: 42ms)
 GET /auth/login 200 in 54ms (compile: 9ms, render: 45ms)
 GET / 200 in 52ms (compile: 9ms, render: 43ms)
 GET /search?from=bangalroe&to=Mysore&fromDate=2026-02-19&toDate=2026-02-21&type=AC 200 in 32ms (compile: 6ms, render: 26ms)
 GET /api/public/search?from=2026-02-19&to=2026-02-21 404 in 211ms (compile: 20ms, render: 192ms)
 GET /api/public/search?from=2026-02-19&to=2026-02-21 404 in 99ms (compile: 9ms, render: 91ms)
✓ Compiled in 239ms
 GET /search?from=bangalroe&to=Mysore&fromDate=2026-02-19&toDate=2026-02-21&type=AC 200 in 1016ms (compile: 166ms, render: 850ms)
 GET /api/public/search?from=2026-02-19&to=2026-02-21 404 in 113ms (compile: 21ms, render: 92ms)
 GET /dashboard 200 in 24ms (compile: 6ms, render: 18ms)
 GET / 200 in 30ms (compile: 7ms, render: 23ms)
 GET /search?from=bangalroe&to=Mysore&fromDate=2026-02-21&toDate=2026-02-27&type=AC 200 in 46ms (compile: 9ms, render: 37ms)
 GET /api/public/search?from=2026-02-21&to=2026-02-27 404 in 226ms (compile: 17ms, render: 209ms)
 GET /api/public/search?from=2026-02-21&to=2026-02-27 404 in 95ms (compile: 10ms, render: 85ms)
 GET /auth/login 200 in 26ms (compile: 5ms, render: 20ms)
 GET /dashboard 200 in 55ms (compile: 9ms, render: 46ms)
 GET /fleet 200 in 44ms (compile: 9ms, render: 35ms)
✓ Compiled in 136ms
 GET /fleet 200 in 404ms (compile: 32ms, render: 373ms)
 GET / 200 in 66ms (compile: 11ms, render: 54ms)
 GET /search?from=bangalroe&to=Mysore&fromDate=2026-02-16&toDate=2026-02-26&type=AC 200 in 362ms (compile: 182ms, render: 179ms)
 GET /search/book/aa724ccf-f076-4219-8e3a-bb5b38b15333?from=bangalroe&to=Mysore&fromDate=2026-02-16&toDate=2026-02-26&type=AC 200 in 1368ms (compile: 1288ms, render: 80ms)
 GET / 200 in 47ms (compile: 15ms, render: 33ms)
 GET /auth/login 200 in 40ms (compile: 11ms, render: 29ms)
 GET / 200 in 27ms (compile: 7ms, render: 21ms)
 GET /search?from=bangalroe&to=Mysore&fromDate=2026-02-28&toDate=2026-02-28&type=AC 200 in 26ms (compile: 6ms, render: 20ms)
 GET /search/book/aa724ccf-f076-4219-8e3a-bb5b38b15333?from=bangalroe&to=Mysore&fromDate=2026-02-28&toDate=2026-02-28&type=AC 200 in 30ms (compile: 10ms, render: 20ms)
 GET / 200 in 26ms (compile: 5ms, render: 21ms)
 GET /auth/login 200 in 27ms (compile: 7ms, render: 21ms)
 GET /auth/login 200 in 25ms (compile: 3ms, render: 22ms)
 GET /dashboard 200 in 11ms (compile: 2ms, render: 9ms)
 GET /fleet/availability 200 in 28ms (compile: 7ms, render: 20ms)
 GET /bookings 200 in 149ms (compile: 136ms, render: 13ms)
 GET /bookings 200 in 20ms (compile: 3ms, render: 18ms)
 GET /accounts/summary 200 in 79ms (compile: 66ms, render: 13ms)
 GET /dashboard 200 in 23ms (compile: 5ms, render: 18ms)
 GET /fleet 200 in 13ms (compile: 4ms, render: 9ms)
 GET /auth/login 200 in 50ms (compile: 7ms, render: 44ms)
 GET /auth/login 200 in 20ms (compile: 2ms, render: 18ms)
 GET / 200 in 22ms (compile: 5ms, render: 17ms)
 GET /search?from=bangalroe&to=Mysore&fromDate=2026-03-01&toDate=2026-03-02&type=AC 200 in 29ms (compile: 6ms, render: 23ms)
✓ Compiled in 60ms
 GET /search 200 in 605ms (compile: 342ms, render: 263ms)
 GET /search 200 in 57ms (compile: 1291µs, render: 56ms)
 GET / 200 in 22ms (compile: 5ms, render: 16ms)
 GET /search?from=bangalroe&to=Mysore&fromDate=2026-02-01&toDate=2026-02-02&type=AC 200 in 33ms (compile: 6ms, render: 27ms)
 GET /auth/login 200 in 32ms (compile: 8ms, render: 23ms)
 GET /dashboard 200 in 17ms (compile: 5ms, render: 13ms)
 GET /fleet 200 in 29ms (compile: 6ms, render: 23ms)
 GET / 200 in 26ms (compile: 5ms, render: 21ms)
 GET /search?from=bangalroe&to=Mysore&fromDate=2026-02-08&toDate=2026-02-02&type=AC 200 in 26ms (compile: 5ms, render: 21ms)
 GET /auth/login 200 in 30ms (compile: 6ms, render: 24ms)
 GET / 200 in 28ms (compile: 5ms, render: 24ms)
 GET /search?from=bangalroe&to=Mysore&fromDate=2026-02-01&toDate=2026-02-02&type=AC 200 in 27ms (compile: 4ms, render: 23ms)
 GET /search/book/4a9c612f-9e3e-4159-baca-aec88f10314d?from=bangalroe&to=Mysore&fromDate=2026-02-01&toDate=2026-02-02&type=AC 200 in 59ms (compile: 23ms, render: 36ms)
 GET / 200 in 45ms (compile: 6ms, render: 40ms)
 GET /auth/login 200 in 30ms (compile: 5ms, render: 25ms)
 GET /dashboard 200 in 16ms (compile: 3ms, render: 14ms)
 GET /fleet/availability 200 in 29ms (compile: 7ms, render: 23ms)
 GET /dashboard 200 in 27ms (compile: 6ms, render: 21ms)
 GET /auth/login 200 in 42ms (compile: 12ms, render: 30ms)
 GET /search 200 in 43ms (compile: 3ms, render: 40ms)
 GET /auth/login 200 in 49ms (compile: 2ms, render: 46ms)
 GET / 200 in 16ms (compile: 3ms, render: 13ms)
 GET /auth/login 200 in 8ms (compile: 1199µs, render: 7ms)
 GET /dashboard 200 in 15ms (compile: 3ms, render: 12ms)
 GET /auth/login 200 in 26ms (compile: 5ms, render: 22ms)
 OPTIONS /api/orders/platform-stats 404 in 155ms (compile: 52ms, render: 103ms)
 OPTIONS /api/stores 404 in 161ms (compile: 48ms, render: 114ms)
 OPTIONS /api/orders 404 in 147ms (compile: 10ms, render: 137ms)
 OPTIONS /api/orders/revenue-report?days=7 404 in 168ms (compile: 88ms, render: 80ms)
 OPTIONS /api/stores 404 in 164ms (compile: 104ms, render: 60ms)
 OPTIONS /api/orders/platform-stats 404 in 68ms (compile: 37ms, render: 32ms)
 OPTIONS /api/orders 404 in 64ms (compile: 5ms, render: 59ms)
 OPTIONS /api/orders/revenue-report?days=7 404 in 66ms (compile: 20ms, render: 46ms)
 OPTIONS /api/products 404 in 67ms (compile: 25ms, render: 41ms)
 OPTIONS /api/products 404 in 68ms (compile: 12ms, render: 56ms)
 OPTIONS /api/orders 404 in 55ms (compile: 4ms, render: 52ms)
 OPTIONS /api/orders 404 in 57ms (compile: 14ms, render: 43ms)
 OPTIONS /api/platform/conversations 404 in 55ms (compile: 4ms, render: 51ms)
 OPTIONS /api/platform/conversations 404 in 54ms (compile: 14ms, render: 39ms)
 OPTIONS /api/orders/platform-stats 404 in 466ms (compile: 43ms, render: 423ms)
 OPTIONS /api/orders 404 in 466ms (compile: 84ms, render: 382ms)
 OPTIONS /api/orders/revenue-report?days=7 404 in 460ms (compile: 178ms, render: 282ms)
 OPTIONS /api/orders/platform-stats 404 in 438ms (compile: 338ms, render: 100ms)
 OPTIONS /api/orders 404 in 106ms (compile: 52ms, render: 55ms)
 OPTIONS /api/orders/revenue-report?days=7 404 in 65ms (compile: 32ms, render: 34ms)
 GET / 200 in 93ms (compile: 4ms, render: 89ms)
 OPTIONS /api/stores 404 in 158ms (compile: 11ms, render: 147ms)
 OPTIONS /api/orders/platform-stats 404 in 192ms (compile: 43ms, render: 148ms)
 OPTIONS /api/orders 404 in 212ms (compile: 100ms, render: 112ms)
 OPTIONS /api/orders/revenue-report?days=7 404 in 181ms (compile: 89ms, render: 91ms)
 OPTIONS /api/stores 404 in 129ms (compile: 54ms, render: 75ms)
 OPTIONS /api/orders/platform-stats 404 in 108ms (compile: 65ms, render: 43ms)
 OPTIONS /api/orders 404 in 80ms (compile: 7ms, render: 74ms)
 OPTIONS /api/orders/revenue-report?days=7 404 in 82ms (compile: 28ms, render: 54ms)
 GET / 200 in 132ms (compile: 11ms, render: 121ms)
 OPTIONS /api/auth/login 404 in 64ms (compile: 14ms, render: 50ms)
 OPTIONS /api/auth/login 404 in 40ms (compile: 3ms, render: 37ms)
 OPTIONS /api/auth/login 404 in 40ms (compile: 4ms, render: 35ms)
 OPTIONS /api/auth/login 404 in 45ms (compile: 6ms, render: 39ms)
 OPTIONS /api/orders/platform-stats 404 in 136ms (compile: 44ms, render: 91ms)
 OPTIONS /api/stores 404 in 137ms (compile: 22ms, render: 115ms)
 OPTIONS /api/orders 404 in 188ms (compile: 76ms, render: 112ms)
 OPTIONS /api/orders/revenue-report?days=7 404 in 182ms (compile: 90ms, render: 92ms)
 OPTIONS /api/stores 404 in 99ms (compile: 32ms, render: 67ms)
 OPTIONS /api/orders/platform-stats 404 in 100ms (compile: 46ms, render: 54ms)
 OPTIONS /api/orders 404 in 50ms (compile: 3ms, render: 47ms)
 OPTIONS /api/orders/revenue-report?days=7 404 in 95ms (compile: 28ms, render: 67ms)
 OPTIONS /api/auth/login 404 in 69ms (compile: 17ms, render: 52ms)
 OPTIONS /api/auth/login 404 in 71ms (compile: 9ms, render: 62ms)
